16:45:27 INFO  : Registering command handlers for SDK TCF services
16:45:33 INFO  : Launching XSCT server: xsct -n -interactive /nfs/ug/homes-0/s/smithqu1/GitHub/research2018/ece532_sdk/lab2/tutorial2/tutorial_2/tutorial_2.sdk/temp_xsdb_launch_script.tcl
16:45:42 INFO  : XSCT server has started successfully.
16:46:08 INFO  : Successfully done setting XSCT server connection channel  
16:46:08 INFO  : Successfully done setting SDK workspace  
16:46:08 INFO  : Processing command line option -hwspec /nfs/ug/homes-0/s/smithqu1/GitHub/research2018/ece532_sdk/lab2/tutorial2/tutorial_2/tutorial_2.sdk/design_tutorial_2_wrapper.hdf.
16:50:41 INFO  : Connected to target on host '127.0.0.1' and port '3121'.
16:51:04 INFO  : Connected to target on host '127.0.0.1' and port '3121'.
16:51:32 INFO  : Connected to target on host '127.0.0.1' and port '3121'.
16:51:32 INFO  : 'targets -set -filter {jtag_cable_name =~ "Digilent Nexys4DDR 210292646036A" && level==0} -index 0' command is executed.
16:51:34 INFO  : FPGA configured successfully with bitstream "/nfs/ug/homes-0/s/smithqu1/GitHub/research2018/ece532_sdk/lab2/tutorial2/tutorial_2/tutorial_2.sdk/design_tutorial_2_wrapper_hw_platform_0/download.bit"
16:54:27 INFO  : Connected to target on host '127.0.0.1' and port '3121'.
16:54:27 INFO  : Jtag cable 'Digilent Nexys4DDR 210292646036A' is selected.
16:54:27 INFO  : 'jtag frequency' command is executed.
16:54:27 INFO  : 'targets -set -filter {jtag_cable_name =~ "Digilent Nexys4DDR 210292646036A" && level==0} -index 0' command is executed.
16:54:29 INFO  : FPGA configured successfully with bitstream "/nfs/ug/homes-0/s/smithqu1/GitHub/research2018/ece532_sdk/lab2/tutorial2/tutorial_2/tutorial_2.sdk/design_tutorial_2_wrapper_hw_platform_0/design_tutorial_2_wrapper.bit"
16:54:29 INFO  : 'configparams mdm-detect-bscan-mask 2' command is executed.
16:54:29 INFO  : ----------------XSDB Script----------------
connect -url tcp:127.0.0.1:3121
targets -set -filter {jtag_cable_name =~ "Digilent Nexys4DDR 210292646036A" && level==0} -index 0
fpga -file /nfs/ug/homes-0/s/smithqu1/GitHub/research2018/ece532_sdk/lab2/tutorial2/tutorial_2/tutorial_2.sdk/design_tutorial_2_wrapper_hw_platform_0/design_tutorial_2_wrapper.bit
configparams mdm-detect-bscan-mask 2
----------------End of Script----------------

16:54:29 INFO  : Disconnected from the channel tcfchan#1.
16:54:52 INFO  : Connected to target on host '127.0.0.1' and port '3121'.
16:54:53 INFO  : Jtag cable 'Digilent Nexys4DDR 210292646036A' is selected.
16:54:53 INFO  : 'jtag frequency' command is executed.
16:54:53 INFO  : 'targets -set -filter {jtag_cable_name =~ "Digilent Nexys4DDR 210292646036A" && level==0} -index 0' command is executed.
16:54:55 INFO  : FPGA configured successfully with bitstream "/nfs/ug/homes-0/s/smithqu1/GitHub/research2018/ece532_sdk/lab2/tutorial2/tutorial_2/tutorial_2.sdk/design_tutorial_2_wrapper_hw_platform_0/design_tutorial_2_wrapper.bit"
16:54:55 INFO  : 'configparams mdm-detect-bscan-mask 2' command is executed.
16:54:55 INFO  : ----------------XSDB Script----------------
connect -url tcp:127.0.0.1:3121
targets -set -filter {jtag_cable_name =~ "Digilent Nexys4DDR 210292646036A" && level==0} -index 0
fpga -file /nfs/ug/homes-0/s/smithqu1/GitHub/research2018/ece532_sdk/lab2/tutorial2/tutorial_2/tutorial_2.sdk/design_tutorial_2_wrapper_hw_platform_0/design_tutorial_2_wrapper.bit
configparams mdm-detect-bscan-mask 2
----------------End of Script----------------

16:54:55 INFO  : Disconnected from the channel tcfchan#2.
16:56:15 INFO  : Connected to target on host '127.0.0.1' and port '3121'.
16:56:15 INFO  : Jtag cable 'Digilent Nexys4DDR 210292646036A' is selected.
16:56:15 INFO  : 'jtag frequency' command is executed.
16:56:15 INFO  : 'targets -set -filter {jtag_cable_name =~ "Digilent Nexys4DDR 210292646036A" && level==0} -index 0' command is executed.
16:56:17 INFO  : FPGA configured successfully with bitstream "/nfs/ug/homes-0/s/smithqu1/GitHub/research2018/ece532_sdk/lab2/tutorial2/tutorial_2/tutorial_2.sdk/design_tutorial_2_wrapper_hw_platform_0/design_tutorial_2_wrapper.bit"
16:56:18 INFO  : 'configparams mdm-detect-bscan-mask 2' command is executed.
16:56:18 INFO  : Context for processor 'microblaze_0' is selected.
16:56:18 INFO  : Processor reset is completed for 'microblaze_0'.
16:56:18 INFO  : Context for processor 'microblaze_0' is selected.
16:56:18 INFO  : The application '/nfs/ug/homes-0/s/smithqu1/GitHub/research2018/ece532_sdk/lab2/tutorial2/tutorial_2/tutorial_2.sdk/tutorial_2_sdk/Debug/tutorial_2_sdk.elf' is downloaded to processor 'microblaze_0'.
16:56:18 INFO  : ----------------XSDB Script----------------
connect -url tcp:127.0.0.1:3121
targets -set -filter {jtag_cable_name =~ "Digilent Nexys4DDR 210292646036A" && level==0} -index 0
fpga -file /nfs/ug/homes-0/s/smithqu1/GitHub/research2018/ece532_sdk/lab2/tutorial2/tutorial_2/tutorial_2.sdk/design_tutorial_2_wrapper_hw_platform_0/design_tutorial_2_wrapper.bit
configparams mdm-detect-bscan-mask 2
targets -set -nocase -filter {name =~ "microblaze*#0" && bscan=="USER2"  && jtag_cable_name =~ "Digilent Nexys4DDR 210292646036A"} -index 0
rst -processor
targets -set -nocase -filter {name =~ "microblaze*#0" && bscan=="USER2"  && jtag_cable_name =~ "Digilent Nexys4DDR 210292646036A"} -index 0
dow /nfs/ug/homes-0/s/smithqu1/GitHub/research2018/ece532_sdk/lab2/tutorial2/tutorial_2/tutorial_2.sdk/tutorial_2_sdk/Debug/tutorial_2_sdk.elf
----------------End of Script----------------

16:56:18 INFO  : Context for processor 'microblaze_0' is selected.
16:56:18 INFO  : 'con' command is executed.
16:56:18 INFO  : ----------------XSDB Script (After Launch)----------------
targets -set -nocase -filter {name =~ "microblaze*#0" && bscan=="USER2"  && jtag_cable_name =~ "Digilent Nexys4DDR 210292646036A"} -index 0
con
----------------End of Script----------------

16:56:18 INFO  : Disconnected from the channel tcfchan#3.
