Vivado Simulator 2018.1
Time resolution is 1 ps
LED output matched at                  60
LED output matched at                 120
LED output matched at                 180
LED output matched at                 240
LED output matched at                 300
LED output matched at                 360
LED output matched at                 420
LED output matched at                 480
LED output matched at                 540
LED output matched at                 600
LED output matched at                 660
LED output matched at                 720
LED output matched at                 780
LED output matched at                 840
LED output matched at                 900
LED output matched at                 960
LED output matched at                1020
LED output matched at                1080
LED output matched at                1140
LED output matched at                1200
LED output matched at                1260
LED output matched at                1320
LED output matched at                1380
LED output matched at                1440
LED output matched at                1500
LED output matched at                1560
LED output matched at                1620
LED output matched at                1680
LED output matched at                1740
LED output matched at                1800
LED output matched at                1860
LED output matched at                1920
LED output matched at                1980
LED output matched at                2040
LED output matched at                2100
LED output matched at                2160
LED output matched at                2220
LED output matched at                2280
LED output matched at                2340
LED output matched at                2400
LED output matched at                2460
LED output matched at                2520
LED output matched at                2580
LED output matched at                2640
LED output matched at                2700
LED output matched at                2760
LED output matched at                2820
LED output matched at                2880
LED output matched at                2940
LED output matched at                3000
LED output matched at                3060
LED output matched at                3120
LED output matched at                3180
LED output matched at                3240
LED output matched at                3300
LED output matched at                3360
LED output matched at                3420
LED output matched at                3480
LED output matched at                3540
LED output matched at                3600
LED output matched at                3660
LED output matched at                3720
LED output matched at                3780
LED output matched at                3840
LED output matched at                3900
LED output matched at                3960
LED output matched at                4020
LED output matched at                4080
LED output matched at                4140
LED output matched at                4200
LED output matched at                4260
LED output matched at                4320
LED output matched at                4380
LED output matched at                4440
LED output matched at                4500
LED output matched at                4560
LED output matched at                4620
LED output matched at                4680
LED output matched at                4740
LED output matched at                4800
LED output matched at                4860
LED output matched at                4920
LED output matched at                4980
LED output matched at                5040
LED output matched at                5100
LED output matched at                5160
LED output matched at                5220
LED output matched at                5280
LED output matched at                5340
LED output matched at                5400
LED output matched at                5460
LED output matched at                5520
LED output matched at                5580
LED output matched at                5640
LED output matched at                5700
LED output matched at                5760
LED output matched at                5820
LED output matched at                5880
LED output matched at                5940
LED output matched at                6000
LED output matched at                6060
LED output matched at                6120
LED output matched at                6180
LED output matched at                6240
LED output matched at                6300
LED output matched at                6360
LED output matched at                6420
LED output matched at                6480
LED output matched at                6540
LED output matched at                6600
LED output matched at                6660
LED output matched at                6720
LED output matched at                6780
LED output matched at                6840
LED output matched at                6900
LED output matched at                6960
LED output matched at                7020
LED output matched at                7080
LED output matched at                7140
LED output matched at                7200
LED output matched at                7260
LED output matched at                7320
LED output matched at                7380
LED output matched at                7440
LED output matched at                7500
LED output matched at                7560
LED output matched at                7620
LED output matched at                7680
