
*** Running vivado
    with args -log design_1_auto_pc_0.vds -m64 -product Vivado -mode batch -messageDb vivado.pb -notrace -source design_1_auto_pc_0.tcl


****** Vivado v2018.1 (64-bit)
  **** SW Build 2188600 on Wed Apr  4 18:39:19 MDT 2018
  **** IP Build 2185939 on Wed Apr  4 20:55:05 MDT 2018
    ** Copyright 1986-2018 Xilinx, Inc. All Rights Reserved.

source design_1_auto_pc_0.tcl -notrace
Command: synth_design -top design_1_auto_pc_0 -part xc7a100tcsg324-1 -mode out_of_context
Starting synth_design
Attempting to get a license for feature 'Synthesis' and/or device 'xc7a100t'
INFO: [Common 17-349] Got license for feature 'Synthesis' and/or device 'xc7a100t'
INFO: Launching helper process for spawning children vivado processes
INFO: Helper process launched with PID 11900 
---------------------------------------------------------------------------------
Starting RTL Elaboration : Time (s): cpu = 00:00:10 ; elapsed = 00:00:19 . Memory (MB): peak = 1337.949 ; gain = 88.000 ; free physical = 1104 ; free virtual = 34300
---------------------------------------------------------------------------------
INFO: [Synth 8-6157] synthesizing module 'design_1_auto_pc_0' [/nfs/ug/homes-0/s/smithqu1/GitHub/research2018/ece532_sdk/lab4/tutorial_4/tutorial_4.srcs/sources_1/bd/design_1/ip/design_1_auto_pc_0/synth/design_1_auto_pc_0.v:58]
INFO: [Synth 8-6157] synthesizing module 'axi_protocol_converter_v2_1_16_axi_protocol_converter' [/nfs/ug/homes-0/s/smithqu1/GitHub/research2018/ece532_sdk/lab4/tutorial_4/tutorial_4.srcs/sources_1/bd/design_1/ipshared/1229/hdl/axi_protocol_converter_v2_1_vl_rfs.v:4811]
	Parameter C_FAMILY bound to: artix7 - type: string 
	Parameter C_M_AXI_PROTOCOL bound to: 0 - type: integer 
	Parameter C_S_AXI_PROTOCOL bound to: 2 - type: integer 
	Parameter C_IGNORE_ID bound to: 1 - type: integer 
	Parameter C_AXI_ID_WIDTH bound to: 1 - type: integer 
	Parameter C_AXI_ADDR_WIDTH bound to: 32 - type: integer 
	Parameter C_AXI_DATA_WIDTH bound to: 64 - type: integer 
	Parameter C_AXI_SUPPORTS_WRITE bound to: 1 - type: integer 
	Parameter C_AXI_SUPPORTS_READ bound to: 1 - type: integer 
	Parameter C_AXI_SUPPORTS_USER_SIGNALS bound to: 0 - type: integer 
	Parameter C_AXI_AWUSER_WIDTH bound to: 1 - type: integer 
	Parameter C_AXI_ARUSER_WIDTH bound to: 1 - type: integer 
	Parameter C_AXI_WUSER_WIDTH bound to: 1 - type: integer 
	Parameter C_AXI_RUSER_WIDTH bound to: 1 - type: integer 
	Parameter C_AXI_BUSER_WIDTH bound to: 1 - type: integer 
	Parameter C_TRANSLATION_MODE bound to: 2 - type: integer 
	Parameter P_AXI4 bound to: 0 - type: integer 
	Parameter P_AXI3 bound to: 1 - type: integer 
	Parameter P_AXILITE bound to: 2 - type: integer 
	Parameter P_AXILITE_SIZE bound to: 3'b011 
	Parameter P_INCR bound to: 2'b01 
	Parameter P_DECERR bound to: 2'b11 
	Parameter P_SLVERR bound to: 2'b10 
	Parameter P_PROTECTION bound to: 1 - type: integer 
	Parameter P_CONVERSION bound to: 2 - type: integer 
INFO: [Synth 8-6155] done synthesizing module 'axi_protocol_converter_v2_1_16_axi_protocol_converter' (1#1) [/nfs/ug/homes-0/s/smithqu1/GitHub/research2018/ece532_sdk/lab4/tutorial_4/tutorial_4.srcs/sources_1/bd/design_1/ipshared/1229/hdl/axi_protocol_converter_v2_1_vl_rfs.v:4811]
INFO: [Synth 8-6155] done synthesizing module 'design_1_auto_pc_0' (2#1) [/nfs/ug/homes-0/s/smithqu1/GitHub/research2018/ece532_sdk/lab4/tutorial_4/tutorial_4.srcs/sources_1/bd/design_1/ip/design_1_auto_pc_0/synth/design_1_auto_pc_0.v:58]
WARNING: [Synth 8-3331] design axi_protocol_converter_v2_1_16_axi_protocol_converter has unconnected port aclk
WARNING: [Synth 8-3331] design axi_protocol_converter_v2_1_16_axi_protocol_converter has unconnected port aresetn
WARNING: [Synth 8-3331] design axi_protocol_converter_v2_1_16_axi_protocol_converter has unconnected port s_axi_awid[0]
WARNING: [Synth 8-3331] design axi_protocol_converter_v2_1_16_axi_protocol_converter has unconnected port s_axi_awlen[7]
WARNING: [Synth 8-3331] design axi_protocol_converter_v2_1_16_axi_protocol_converter has unconnected port s_axi_awlen[6]
WARNING: [Synth 8-3331] design axi_protocol_converter_v2_1_16_axi_protocol_converter has unconnected port s_axi_awlen[5]
WARNING: [Synth 8-3331] design axi_protocol_converter_v2_1_16_axi_protocol_converter has unconnected port s_axi_awlen[4]
WARNING: [Synth 8-3331] design axi_protocol_converter_v2_1_16_axi_protocol_converter has unconnected port s_axi_awlen[3]
WARNING: [Synth 8-3331] design axi_protocol_converter_v2_1_16_axi_protocol_converter has unconnected port s_axi_awlen[2]
WARNING: [Synth 8-3331] design axi_protocol_converter_v2_1_16_axi_protocol_converter has unconnected port s_axi_awlen[1]
WARNING: [Synth 8-3331] design axi_protocol_converter_v2_1_16_axi_protocol_converter has unconnected port s_axi_awlen[0]
WARNING: [Synth 8-3331] design axi_protocol_converter_v2_1_16_axi_protocol_converter has unconnected port s_axi_awsize[2]
WARNING: [Synth 8-3331] design axi_protocol_converter_v2_1_16_axi_protocol_converter has unconnected port s_axi_awsize[1]
WARNING: [Synth 8-3331] design axi_protocol_converter_v2_1_16_axi_protocol_converter has unconnected port s_axi_awsize[0]
WARNING: [Synth 8-3331] design axi_protocol_converter_v2_1_16_axi_protocol_converter has unconnected port s_axi_awburst[1]
WARNING: [Synth 8-3331] design axi_protocol_converter_v2_1_16_axi_protocol_converter has unconnected port s_axi_awburst[0]
WARNING: [Synth 8-3331] design axi_protocol_converter_v2_1_16_axi_protocol_converter has unconnected port s_axi_awlock[0]
WARNING: [Synth 8-3331] design axi_protocol_converter_v2_1_16_axi_protocol_converter has unconnected port s_axi_awcache[3]
WARNING: [Synth 8-3331] design axi_protocol_converter_v2_1_16_axi_protocol_converter has unconnected port s_axi_awcache[2]
WARNING: [Synth 8-3331] design axi_protocol_converter_v2_1_16_axi_protocol_converter has unconnected port s_axi_awcache[1]
WARNING: [Synth 8-3331] design axi_protocol_converter_v2_1_16_axi_protocol_converter has unconnected port s_axi_awcache[0]
WARNING: [Synth 8-3331] design axi_protocol_converter_v2_1_16_axi_protocol_converter has unconnected port s_axi_awregion[3]
WARNING: [Synth 8-3331] design axi_protocol_converter_v2_1_16_axi_protocol_converter has unconnected port s_axi_awregion[2]
WARNING: [Synth 8-3331] design axi_protocol_converter_v2_1_16_axi_protocol_converter has unconnected port s_axi_awregion[1]
WARNING: [Synth 8-3331] design axi_protocol_converter_v2_1_16_axi_protocol_converter has unconnected port s_axi_awregion[0]
WARNING: [Synth 8-3331] design axi_protocol_converter_v2_1_16_axi_protocol_converter has unconnected port s_axi_awqos[3]
WARNING: [Synth 8-3331] design axi_protocol_converter_v2_1_16_axi_protocol_converter has unconnected port s_axi_awqos[2]
WARNING: [Synth 8-3331] design axi_protocol_converter_v2_1_16_axi_protocol_converter has unconnected port s_axi_awqos[1]
WARNING: [Synth 8-3331] design axi_protocol_converter_v2_1_16_axi_protocol_converter has unconnected port s_axi_awqos[0]
WARNING: [Synth 8-3331] design axi_protocol_converter_v2_1_16_axi_protocol_converter has unconnected port s_axi_awuser[0]
WARNING: [Synth 8-3331] design axi_protocol_converter_v2_1_16_axi_protocol_converter has unconnected port s_axi_wid[0]
WARNING: [Synth 8-3331] design axi_protocol_converter_v2_1_16_axi_protocol_converter has unconnected port s_axi_wlast
WARNING: [Synth 8-3331] design axi_protocol_converter_v2_1_16_axi_protocol_converter has unconnected port s_axi_wuser[0]
WARNING: [Synth 8-3331] design axi_protocol_converter_v2_1_16_axi_protocol_converter has unconnected port s_axi_arid[0]
WARNING: [Synth 8-3331] design axi_protocol_converter_v2_1_16_axi_protocol_converter has unconnected port s_axi_arlen[7]
WARNING: [Synth 8-3331] design axi_protocol_converter_v2_1_16_axi_protocol_converter has unconnected port s_axi_arlen[6]
WARNING: [Synth 8-3331] design axi_protocol_converter_v2_1_16_axi_protocol_converter has unconnected port s_axi_arlen[5]
WARNING: [Synth 8-3331] design axi_protocol_converter_v2_1_16_axi_protocol_converter has unconnected port s_axi_arlen[4]
WARNING: [Synth 8-3331] design axi_protocol_converter_v2_1_16_axi_protocol_converter has unconnected port s_axi_arlen[3]
WARNING: [Synth 8-3331] design axi_protocol_converter_v2_1_16_axi_protocol_converter has unconnected port s_axi_arlen[2]
WARNING: [Synth 8-3331] design axi_protocol_converter_v2_1_16_axi_protocol_converter has unconnected port s_axi_arlen[1]
WARNING: [Synth 8-3331] design axi_protocol_converter_v2_1_16_axi_protocol_converter has unconnected port s_axi_arlen[0]
WARNING: [Synth 8-3331] design axi_protocol_converter_v2_1_16_axi_protocol_converter has unconnected port s_axi_arsize[2]
WARNING: [Synth 8-3331] design axi_protocol_converter_v2_1_16_axi_protocol_converter has unconnected port s_axi_arsize[1]
WARNING: [Synth 8-3331] design axi_protocol_converter_v2_1_16_axi_protocol_converter has unconnected port s_axi_arsize[0]
WARNING: [Synth 8-3331] design axi_protocol_converter_v2_1_16_axi_protocol_converter has unconnected port s_axi_arburst[1]
WARNING: [Synth 8-3331] design axi_protocol_converter_v2_1_16_axi_protocol_converter has unconnected port s_axi_arburst[0]
WARNING: [Synth 8-3331] design axi_protocol_converter_v2_1_16_axi_protocol_converter has unconnected port s_axi_arlock[0]
WARNING: [Synth 8-3331] design axi_protocol_converter_v2_1_16_axi_protocol_converter has unconnected port s_axi_arcache[3]
WARNING: [Synth 8-3331] design axi_protocol_converter_v2_1_16_axi_protocol_converter has unconnected port s_axi_arcache[2]
WARNING: [Synth 8-3331] design axi_protocol_converter_v2_1_16_axi_protocol_converter has unconnected port s_axi_arcache[1]
WARNING: [Synth 8-3331] design axi_protocol_converter_v2_1_16_axi_protocol_converter has unconnected port s_axi_arcache[0]
WARNING: [Synth 8-3331] design axi_protocol_converter_v2_1_16_axi_protocol_converter has unconnected port s_axi_arregion[3]
WARNING: [Synth 8-3331] design axi_protocol_converter_v2_1_16_axi_protocol_converter has unconnected port s_axi_arregion[2]
WARNING: [Synth 8-3331] design axi_protocol_converter_v2_1_16_axi_protocol_converter has unconnected port s_axi_arregion[1]
WARNING: [Synth 8-3331] design axi_protocol_converter_v2_1_16_axi_protocol_converter has unconnected port s_axi_arregion[0]
WARNING: [Synth 8-3331] design axi_protocol_converter_v2_1_16_axi_protocol_converter has unconnected port s_axi_arqos[3]
WARNING: [Synth 8-3331] design axi_protocol_converter_v2_1_16_axi_protocol_converter has unconnected port s_axi_arqos[2]
WARNING: [Synth 8-3331] design axi_protocol_converter_v2_1_16_axi_protocol_converter has unconnected port s_axi_arqos[1]
WARNING: [Synth 8-3331] design axi_protocol_converter_v2_1_16_axi_protocol_converter has unconnected port s_axi_arqos[0]
WARNING: [Synth 8-3331] design axi_protocol_converter_v2_1_16_axi_protocol_converter has unconnected port s_axi_aruser[0]
WARNING: [Synth 8-3331] design axi_protocol_converter_v2_1_16_axi_protocol_converter has unconnected port m_axi_bid[0]
WARNING: [Synth 8-3331] design axi_protocol_converter_v2_1_16_axi_protocol_converter has unconnected port m_axi_buser[0]
WARNING: [Synth 8-3331] design axi_protocol_converter_v2_1_16_axi_protocol_converter has unconnected port m_axi_rid[0]
WARNING: [Synth 8-3331] design axi_protocol_converter_v2_1_16_axi_protocol_converter has unconnected port m_axi_rlast
WARNING: [Synth 8-3331] design axi_protocol_converter_v2_1_16_axi_protocol_converter has unconnected port m_axi_ruser[0]
---------------------------------------------------------------------------------
Finished RTL Elaboration : Time (s): cpu = 00:00:30 ; elapsed = 00:00:48 . Memory (MB): peak = 1469.559 ; gain = 219.609 ; free physical = 1746 ; free virtual = 34951
---------------------------------------------------------------------------------

Report Check Netlist: 
+------+------------------+-------+---------+-------+------------------+
|      |Item              |Errors |Warnings |Status |Description       |
+------+------------------+-------+---------+-------+------------------+
|1     |multi_driven_nets |      0|        0|Passed |Multi driven nets |
+------+------------------+-------+---------+-------+------------------+
---------------------------------------------------------------------------------
Start Handling Custom Attributes
---------------------------------------------------------------------------------
---------------------------------------------------------------------------------
Finished Handling Custom Attributes : Time (s): cpu = 00:00:30 ; elapsed = 00:00:48 . Memory (MB): peak = 1469.559 ; gain = 219.609 ; free physical = 1734 ; free virtual = 34939
---------------------------------------------------------------------------------
---------------------------------------------------------------------------------
Finished RTL Optimization Phase 1 : Time (s): cpu = 00:00:30 ; elapsed = 00:00:48 . Memory (MB): peak = 1469.559 ; gain = 219.609 ; free physical = 1734 ; free virtual = 34939
---------------------------------------------------------------------------------
INFO: [Device 21-403] Loading part xc7a100tcsg324-1
INFO: [Project 1-570] Preparing netlist for logic optimization

Processing XDC Constraints
Initializing timing engine
Parsing XDC File [/nfs/ug/homes-0/s/smithqu1/GitHub/research2018/ece532_sdk/lab4/tutorial_4/tutorial_4.srcs/sources_1/bd/design_1/ip/design_1_auto_pc_0/design_1_auto_pc_0_ooc.xdc] for cell 'inst'
Finished Parsing XDC File [/nfs/ug/homes-0/s/smithqu1/GitHub/research2018/ece532_sdk/lab4/tutorial_4/tutorial_4.srcs/sources_1/bd/design_1/ip/design_1_auto_pc_0/design_1_auto_pc_0_ooc.xdc] for cell 'inst'
Parsing XDC File [/nfs/ug/homes-0/s/smithqu1/GitHub/research2018/ece532_sdk/lab4/tutorial_4/tutorial_4.runs/design_1_auto_pc_0_synth_1/dont_touch.xdc]
Finished Parsing XDC File [/nfs/ug/homes-0/s/smithqu1/GitHub/research2018/ece532_sdk/lab4/tutorial_4/tutorial_4.runs/design_1_auto_pc_0_synth_1/dont_touch.xdc]
Completed Processing XDC Constraints

INFO: [Project 1-111] Unisim Transformation Summary:
No Unisim elements were transformed.

Constraint Validation Runtime : Time (s): cpu = 00:00:00.01 ; elapsed = 00:00:00.03 . Memory (MB): peak = 1658.594 ; gain = 1.000 ; free physical = 1347 ; free virtual = 34557
---------------------------------------------------------------------------------
Finished Constraint Validation : Time (s): cpu = 00:00:45 ; elapsed = 00:01:17 . Memory (MB): peak = 1658.594 ; gain = 408.645 ; free physical = 1119 ; free virtual = 34336
---------------------------------------------------------------------------------
---------------------------------------------------------------------------------
Start Loading Part and Timing Information
---------------------------------------------------------------------------------
Loading part: xc7a100tcsg324-1
---------------------------------------------------------------------------------
Finished Loading Part and Timing Information : Time (s): cpu = 00:00:45 ; elapsed = 00:01:17 . Memory (MB): peak = 1658.594 ; gain = 408.645 ; free physical = 1119 ; free virtual = 34336
---------------------------------------------------------------------------------
---------------------------------------------------------------------------------
Start Applying 'set_property' XDC Constraints
---------------------------------------------------------------------------------
Applied set_property DONT_TOUCH = true for inst. (constraint file  /nfs/ug/homes-0/s/smithqu1/GitHub/research2018/ece532_sdk/lab4/tutorial_4/tutorial_4.runs/design_1_auto_pc_0_synth_1/dont_touch.xdc, line 9).
---------------------------------------------------------------------------------
Finished applying 'set_property' XDC Constraints : Time (s): cpu = 00:00:45 ; elapsed = 00:01:17 . Memory (MB): peak = 1658.594 ; gain = 408.645 ; free physical = 1124 ; free virtual = 34341
---------------------------------------------------------------------------------
---------------------------------------------------------------------------------
Finished RTL Optimization Phase 2 : Time (s): cpu = 00:00:45 ; elapsed = 00:01:17 . Memory (MB): peak = 1658.594 ; gain = 408.645 ; free physical = 1121 ; free virtual = 34338
---------------------------------------------------------------------------------

Report RTL Partitions: 
+-+--------------+------------+----------+
| |RTL Partition |Replication |Instances |
+-+--------------+------------+----------+
+-+--------------+------------+----------+
---------------------------------------------------------------------------------
Start RTL Component Statistics 
---------------------------------------------------------------------------------
Detailed RTL Component Info : 
---------------------------------------------------------------------------------
Finished RTL Component Statistics 
---------------------------------------------------------------------------------
---------------------------------------------------------------------------------
Start RTL Hierarchical Component Statistics 
---------------------------------------------------------------------------------
Hierarchical RTL Component report 
---------------------------------------------------------------------------------
Finished RTL Hierarchical Component Statistics
---------------------------------------------------------------------------------
---------------------------------------------------------------------------------
Start Part Resource Summary
---------------------------------------------------------------------------------
Part Resources:
DSPs: 240 (col length:80)
BRAMs: 270 (col length: RAMB18 80 RAMB36 40)
---------------------------------------------------------------------------------
Finished Part Resource Summary
---------------------------------------------------------------------------------
---------------------------------------------------------------------------------
Start Cross Boundary and Area Optimization
---------------------------------------------------------------------------------
Warning: Parallel synthesis criteria is not met 
WARNING: [Synth 8-3331] design axi_protocol_converter_v2_1_16_axi_protocol_converter has unconnected port aclk
WARNING: [Synth 8-3331] design axi_protocol_converter_v2_1_16_axi_protocol_converter has unconnected port aresetn
WARNING: [Synth 8-3331] design axi_protocol_converter_v2_1_16_axi_protocol_converter has unconnected port s_axi_awid[0]
WARNING: [Synth 8-3331] design axi_protocol_converter_v2_1_16_axi_protocol_converter has unconnected port s_axi_awlen[7]
WARNING: [Synth 8-3331] design axi_protocol_converter_v2_1_16_axi_protocol_converter has unconnected port s_axi_awlen[6]
WARNING: [Synth 8-3331] design axi_protocol_converter_v2_1_16_axi_protocol_converter has unconnected port s_axi_awlen[5]
WARNING: [Synth 8-3331] design axi_protocol_converter_v2_1_16_axi_protocol_converter has unconnected port s_axi_awlen[4]
WARNING: [Synth 8-3331] design axi_protocol_converter_v2_1_16_axi_protocol_converter has unconnected port s_axi_awlen[3]
WARNING: [Synth 8-3331] design axi_protocol_converter_v2_1_16_axi_protocol_converter has unconnected port s_axi_awlen[2]
WARNING: [Synth 8-3331] design axi_protocol_converter_v2_1_16_axi_protocol_converter has unconnected port s_axi_awlen[1]
WARNING: [Synth 8-3331] design axi_protocol_converter_v2_1_16_axi_protocol_converter has unconnected port s_axi_awlen[0]
WARNING: [Synth 8-3331] design axi_protocol_converter_v2_1_16_axi_protocol_converter has unconnected port s_axi_awsize[2]
WARNING: [Synth 8-3331] design axi_protocol_converter_v2_1_16_axi_protocol_converter has unconnected port s_axi_awsize[1]
WARNING: [Synth 8-3331] design axi_protocol_converter_v2_1_16_axi_protocol_converter has unconnected port s_axi_awsize[0]
WARNING: [Synth 8-3331] design axi_protocol_converter_v2_1_16_axi_protocol_converter has unconnected port s_axi_awburst[1]
WARNING: [Synth 8-3331] design axi_protocol_converter_v2_1_16_axi_protocol_converter has unconnected port s_axi_awburst[0]
WARNING: [Synth 8-3331] design axi_protocol_converter_v2_1_16_axi_protocol_converter has unconnected port s_axi_awlock[0]
WARNING: [Synth 8-3331] design axi_protocol_converter_v2_1_16_axi_protocol_converter has unconnected port s_axi_awcache[3]
WARNING: [Synth 8-3331] design axi_protocol_converter_v2_1_16_axi_protocol_converter has unconnected port s_axi_awcache[2]
WARNING: [Synth 8-3331] design axi_protocol_converter_v2_1_16_axi_protocol_converter has unconnected port s_axi_awcache[1]
WARNING: [Synth 8-3331] design axi_protocol_converter_v2_1_16_axi_protocol_converter has unconnected port s_axi_awcache[0]
WARNING: [Synth 8-3331] design axi_protocol_converter_v2_1_16_axi_protocol_converter has unconnected port s_axi_awregion[3]
WARNING: [Synth 8-3331] design axi_protocol_converter_v2_1_16_axi_protocol_converter has unconnected port s_axi_awregion[2]
WARNING: [Synth 8-3331] design axi_protocol_converter_v2_1_16_axi_protocol_converter has unconnected port s_axi_awregion[1]
WARNING: [Synth 8-3331] design axi_protocol_converter_v2_1_16_axi_protocol_converter has unconnected port s_axi_awregion[0]
WARNING: [Synth 8-3331] design axi_protocol_converter_v2_1_16_axi_protocol_converter has unconnected port s_axi_awqos[3]
WARNING: [Synth 8-3331] design axi_protocol_converter_v2_1_16_axi_protocol_converter has unconnected port s_axi_awqos[2]
WARNING: [Synth 8-3331] design axi_protocol_converter_v2_1_16_axi_protocol_converter has unconnected port s_axi_awqos[1]
WARNING: [Synth 8-3331] design axi_protocol_converter_v2_1_16_axi_protocol_converter has unconnected port s_axi_awqos[0]
WARNING: [Synth 8-3331] design axi_protocol_converter_v2_1_16_axi_protocol_converter has unconnected port s_axi_awuser[0]
WARNING: [Synth 8-3331] design axi_protocol_converter_v2_1_16_axi_protocol_converter has unconnected port s_axi_wid[0]
WARNING: [Synth 8-3331] design axi_protocol_converter_v2_1_16_axi_protocol_converter has unconnected port s_axi_wlast
WARNING: [Synth 8-3331] design axi_protocol_converter_v2_1_16_axi_protocol_converter has unconnected port s_axi_wuser[0]
WARNING: [Synth 8-3331] design axi_protocol_converter_v2_1_16_axi_protocol_converter has unconnected port s_axi_arid[0]
INFO: [Common 17-14] Message 'Synth 8-3331' appears 100 times and further instances of the messages will be disabled. Use the Tcl command set_msg_config to change the current settings.
---------------------------------------------------------------------------------
Finished Cross Boundary and Area Optimization : Time (s): cpu = 00:00:46 ; elapsed = 00:01:18 . Memory (MB): peak = 1658.594 ; gain = 408.645 ; free physical = 1105 ; free virtual = 34323
---------------------------------------------------------------------------------

Report RTL Partitions: 
+-+--------------+------------+----------+
| |RTL Partition |Replication |Instances |
+-+--------------+------------+----------+
+-+--------------+------------+----------+
---------------------------------------------------------------------------------
Start Applying XDC Timing Constraints
---------------------------------------------------------------------------------
---------------------------------------------------------------------------------
Finished Applying XDC Timing Constraints : Time (s): cpu = 00:00:51 ; elapsed = 00:01:26 . Memory (MB): peak = 1658.594 ; gain = 408.645 ; free physical = 730 ; free virtual = 33949
---------------------------------------------------------------------------------
---------------------------------------------------------------------------------
Start Timing Optimization
---------------------------------------------------------------------------------
---------------------------------------------------------------------------------
Finished Timing Optimization : Time (s): cpu = 00:00:51 ; elapsed = 00:01:26 . Memory (MB): peak = 1658.594 ; gain = 408.645 ; free physical = 730 ; free virtual = 33949
---------------------------------------------------------------------------------

Report RTL Partitions: 
+-+--------------+------------+----------+
| |RTL Partition |Replication |Instances |
+-+--------------+------------+----------+
+-+--------------+------------+----------+
---------------------------------------------------------------------------------
Start Technology Mapping
---------------------------------------------------------------------------------
---------------------------------------------------------------------------------
Finished Technology Mapping : Time (s): cpu = 00:00:51 ; elapsed = 00:01:26 . Memory (MB): peak = 1658.594 ; gain = 408.645 ; free physical = 727 ; free virtual = 33947
---------------------------------------------------------------------------------

Report RTL Partitions: 
+-+--------------+------------+----------+
| |RTL Partition |Replication |Instances |
+-+--------------+------------+----------+
+-+--------------+------------+----------+
---------------------------------------------------------------------------------
Start IO Insertion
---------------------------------------------------------------------------------
---------------------------------------------------------------------------------
Start Flattening Before IO Insertion
---------------------------------------------------------------------------------
---------------------------------------------------------------------------------
Finished Flattening Before IO Insertion
---------------------------------------------------------------------------------
---------------------------------------------------------------------------------
Start Final Netlist Cleanup
---------------------------------------------------------------------------------
---------------------------------------------------------------------------------
Finished Final Netlist Cleanup
---------------------------------------------------------------------------------
---------------------------------------------------------------------------------
Finished IO Insertion : Time (s): cpu = 00:00:52 ; elapsed = 00:01:27 . Memory (MB): peak = 1658.594 ; gain = 408.645 ; free physical = 705 ; free virtual = 33924
---------------------------------------------------------------------------------

Report Check Netlist: 
+------+------------------+-------+---------+-------+------------------+
|      |Item              |Errors |Warnings |Status |Description       |
+------+------------------+-------+---------+-------+------------------+
|1     |multi_driven_nets |      0|        0|Passed |Multi driven nets |
+------+------------------+-------+---------+-------+------------------+
---------------------------------------------------------------------------------
Start Renaming Generated Instances
---------------------------------------------------------------------------------
---------------------------------------------------------------------------------
Finished Renaming Generated Instances : Time (s): cpu = 00:00:52 ; elapsed = 00:01:27 . Memory (MB): peak = 1658.594 ; gain = 408.645 ; free physical = 705 ; free virtual = 33924
---------------------------------------------------------------------------------

Report RTL Partitions: 
+-+--------------+------------+----------+
| |RTL Partition |Replication |Instances |
+-+--------------+------------+----------+
+-+--------------+------------+----------+
---------------------------------------------------------------------------------
Start Rebuilding User Hierarchy
---------------------------------------------------------------------------------
---------------------------------------------------------------------------------
Finished Rebuilding User Hierarchy : Time (s): cpu = 00:00:52 ; elapsed = 00:01:27 . Memory (MB): peak = 1658.594 ; gain = 408.645 ; free physical = 704 ; free virtual = 33924
---------------------------------------------------------------------------------
---------------------------------------------------------------------------------
Start Renaming Generated Ports
---------------------------------------------------------------------------------
---------------------------------------------------------------------------------
Finished Renaming Generated Ports : Time (s): cpu = 00:00:52 ; elapsed = 00:01:27 . Memory (MB): peak = 1658.594 ; gain = 408.645 ; free physical = 704 ; free virtual = 33924
---------------------------------------------------------------------------------
---------------------------------------------------------------------------------
Start Handling Custom Attributes
---------------------------------------------------------------------------------
---------------------------------------------------------------------------------
Finished Handling Custom Attributes : Time (s): cpu = 00:00:52 ; elapsed = 00:01:27 . Memory (MB): peak = 1658.594 ; gain = 408.645 ; free physical = 704 ; free virtual = 33924
---------------------------------------------------------------------------------
---------------------------------------------------------------------------------
Start Renaming Generated Nets
---------------------------------------------------------------------------------
---------------------------------------------------------------------------------
Finished Renaming Generated Nets : Time (s): cpu = 00:00:52 ; elapsed = 00:01:27 . Memory (MB): peak = 1658.594 ; gain = 408.645 ; free physical = 704 ; free virtual = 33924
---------------------------------------------------------------------------------
---------------------------------------------------------------------------------
Start Writing Synthesis Report
---------------------------------------------------------------------------------

Report BlackBoxes: 
+-+--------------+----------+
| |BlackBox name |Instances |
+-+--------------+----------+
+-+--------------+----------+

Report Cell Usage: 
+-+-----+------+
| |Cell |Count |
+-+-----+------+
+-+-----+------+

Report Instance Areas: 
+------+---------+------------------------------------------------------+------+
|      |Instance |Module                                                |Cells |
+------+---------+------------------------------------------------------+------+
|1     |top      |                                                      |     0|
|2     |  inst   |axi_protocol_converter_v2_1_16_axi_protocol_converter |     0|
+------+---------+------------------------------------------------------+------+
---------------------------------------------------------------------------------
Finished Writing Synthesis Report : Time (s): cpu = 00:00:52 ; elapsed = 00:01:27 . Memory (MB): peak = 1658.594 ; gain = 408.645 ; free physical = 704 ; free virtual = 33924
---------------------------------------------------------------------------------
Synthesis finished with 0 errors, 0 critical warnings and 66 warnings.
Synthesis Optimization Runtime : Time (s): cpu = 00:00:45 ; elapsed = 00:01:07 . Memory (MB): peak = 1658.594 ; gain = 219.609 ; free physical = 753 ; free virtual = 33977
Synthesis Optimization Complete : Time (s): cpu = 00:00:52 ; elapsed = 00:01:27 . Memory (MB): peak = 1658.594 ; gain = 408.645 ; free physical = 764 ; free virtual = 33987
INFO: [Project 1-571] Translating synthesized netlist
INFO: [Project 1-570] Preparing netlist for logic optimization
INFO: [Opt 31-138] Pushed 0 inverter(s) to 0 load pin(s).
INFO: [Project 1-111] Unisim Transformation Summary:
No Unisim elements were transformed.

INFO: [Common 17-83] Releasing license: Synthesis
14 Infos, 100 Warnings, 0 Critical Warnings and 0 Errors encountered.
synth_design completed successfully
synth_design: Time (s): cpu = 00:00:54 ; elapsed = 00:01:28 . Memory (MB): peak = 1677.578 ; gain = 447.086 ; free physical = 687 ; free virtual = 33906
INFO: [Common 17-1381] The checkpoint '/nfs/ug/homes-0/s/smithqu1/GitHub/research2018/ece532_sdk/lab4/tutorial_4/tutorial_4.runs/design_1_auto_pc_0_synth_1/design_1_auto_pc_0.dcp' has been generated.
