
*** Running vivado
    with args -log design_1_wrapper.vds -m64 -product Vivado -mode batch -messageDb vivado.pb -notrace -source design_1_wrapper.tcl


****** Vivado v2018.1 (64-bit)
  **** SW Build 2188600 on Wed Apr  4 18:39:19 MDT 2018
  **** IP Build 2185939 on Wed Apr  4 20:55:05 MDT 2018
    ** Copyright 1986-2018 Xilinx, Inc. All Rights Reserved.

source design_1_wrapper.tcl -notrace
INFO: [IP_Flow 19-234] Refreshing IP repositories
INFO: [IP_Flow 19-1704] No user IP repositories specified
INFO: [IP_Flow 19-2313] Loaded Vivado IP repository '/cad1/Xilinx/Vivado/2018.1/data/ip'.
Command: synth_design -top design_1_wrapper -part xc7a100tcsg324-1
Starting synth_design
Attempting to get a license for feature 'Synthesis' and/or device 'xc7a100t'
INFO: [Common 17-349] Got license for feature 'Synthesis' and/or device 'xc7a100t'
INFO: Launching helper process for spawning children vivado processes
INFO: Helper process launched with PID 13325 
---------------------------------------------------------------------------------
Starting RTL Elaboration : Time (s): cpu = 00:00:07 ; elapsed = 00:00:08 . Memory (MB): peak = 1501.270 ; gain = 0.000 ; free physical = 2662 ; free virtual = 35515
---------------------------------------------------------------------------------
INFO: [Synth 8-6157] synthesizing module 'design_1_wrapper' [/nfs/ug/homes-0/s/smithqu1/GitHub/research2018/ece532_sdk/lab4/tutorial_4/tutorial_4.srcs/sources_1/bd/design_1/hdl/design_1_wrapper.v:12]
INFO: [Synth 8-6157] synthesizing module 'design_1' [/nfs/ug/homes-0/s/smithqu1/GitHub/research2018/ece532_sdk/lab4/tutorial_4/tutorial_4.srcs/sources_1/bd/design_1/synth/design_1.v:13]
INFO: [Synth 8-6157] synthesizing module 'design_1_axi_uartlite_0_0' [/nfs/ug/homes-0/s/smithqu1/GitHub/research2018/ece532_sdk/lab4/tutorial_4/tutorial_4.runs/synth_1/.Xil/Vivado-13286-ug239/realtime/design_1_axi_uartlite_0_0_stub.v:6]
INFO: [Synth 8-6155] done synthesizing module 'design_1_axi_uartlite_0_0' (1#1) [/nfs/ug/homes-0/s/smithqu1/GitHub/research2018/ece532_sdk/lab4/tutorial_4/tutorial_4.runs/synth_1/.Xil/Vivado-13286-ug239/realtime/design_1_axi_uartlite_0_0_stub.v:6]
WARNING: [Synth 8-350] instance 'axi_uartlite_0' of module 'design_1_axi_uartlite_0_0' requires 22 connections, but only 21 given [/nfs/ug/homes-0/s/smithqu1/GitHub/research2018/ece532_sdk/lab4/tutorial_4/tutorial_4.srcs/sources_1/bd/design_1/synth/design_1.v:194]
INFO: [Synth 8-6157] synthesizing module 'design_1_clk_wiz_1_0' [/nfs/ug/homes-0/s/smithqu1/GitHub/research2018/ece532_sdk/lab4/tutorial_4/tutorial_4.runs/synth_1/.Xil/Vivado-13286-ug239/realtime/design_1_clk_wiz_1_0_stub.v:5]
INFO: [Synth 8-6155] done synthesizing module 'design_1_clk_wiz_1_0' (2#1) [/nfs/ug/homes-0/s/smithqu1/GitHub/research2018/ece532_sdk/lab4/tutorial_4/tutorial_4.runs/synth_1/.Xil/Vivado-13286-ug239/realtime/design_1_clk_wiz_1_0_stub.v:5]
INFO: [Synth 8-6157] synthesizing module 'design_1_mdm_1_0' [/nfs/ug/homes-0/s/smithqu1/GitHub/research2018/ece532_sdk/lab4/tutorial_4/tutorial_4.runs/synth_1/.Xil/Vivado-13286-ug239/realtime/design_1_mdm_1_0_stub.v:6]
INFO: [Synth 8-6155] done synthesizing module 'design_1_mdm_1_0' (3#1) [/nfs/ug/homes-0/s/smithqu1/GitHub/research2018/ece532_sdk/lab4/tutorial_4/tutorial_4.runs/synth_1/.Xil/Vivado-13286-ug239/realtime/design_1_mdm_1_0_stub.v:6]
INFO: [Synth 8-6157] synthesizing module 'design_1_microblaze_0_0' [/nfs/ug/homes-0/s/smithqu1/GitHub/research2018/ece532_sdk/lab4/tutorial_4/tutorial_4.runs/synth_1/.Xil/Vivado-13286-ug239/realtime/design_1_microblaze_0_0_stub.v:6]
INFO: [Synth 8-6155] done synthesizing module 'design_1_microblaze_0_0' (4#1) [/nfs/ug/homes-0/s/smithqu1/GitHub/research2018/ece532_sdk/lab4/tutorial_4/tutorial_4.runs/synth_1/.Xil/Vivado-13286-ug239/realtime/design_1_microblaze_0_0_stub.v:6]
WARNING: [Synth 8-350] instance 'microblaze_0' of module 'design_1_microblaze_0_0' requires 52 connections, but only 51 given [/nfs/ug/homes-0/s/smithqu1/GitHub/research2018/ece532_sdk/lab4/tutorial_4/tutorial_4.srcs/sources_1/bd/design_1/synth/design_1.v:235]
INFO: [Synth 8-6157] synthesizing module 'design_1_microblaze_0_axi_periph_1' [/nfs/ug/homes-0/s/smithqu1/GitHub/research2018/ece532_sdk/lab4/tutorial_4/tutorial_4.srcs/sources_1/bd/design_1/synth/design_1.v:462]
INFO: [Synth 8-6157] synthesizing module 'm00_couplers_imp_8RVYHO' [/nfs/ug/homes-0/s/smithqu1/GitHub/research2018/ece532_sdk/lab4/tutorial_4/tutorial_4.srcs/sources_1/bd/design_1/synth/design_1.v:1014]
INFO: [Synth 8-6157] synthesizing module 'design_1_auto_ds_0' [/nfs/ug/homes-0/s/smithqu1/GitHub/research2018/ece532_sdk/lab4/tutorial_4/tutorial_4.runs/synth_1/.Xil/Vivado-13286-ug239/realtime/design_1_auto_ds_0_stub.v:6]
INFO: [Synth 8-6155] done synthesizing module 'design_1_auto_ds_0' (5#1) [/nfs/ug/homes-0/s/smithqu1/GitHub/research2018/ece532_sdk/lab4/tutorial_4/tutorial_4.runs/synth_1/.Xil/Vivado-13286-ug239/realtime/design_1_auto_ds_0_stub.v:6]
WARNING: [Synth 8-350] instance 'auto_ds' of module 'design_1_auto_ds_0' requires 40 connections, but only 38 given [/nfs/ug/homes-0/s/smithqu1/GitHub/research2018/ece532_sdk/lab4/tutorial_4/tutorial_4.srcs/sources_1/bd/design_1/synth/design_1.v:1173]
INFO: [Synth 8-6155] done synthesizing module 'm00_couplers_imp_8RVYHO' (6#1) [/nfs/ug/homes-0/s/smithqu1/GitHub/research2018/ece532_sdk/lab4/tutorial_4/tutorial_4.srcs/sources_1/bd/design_1/synth/design_1.v:1014]
INFO: [Synth 8-6157] synthesizing module 'm01_couplers_imp_1UTB3Y5' [/nfs/ug/homes-0/s/smithqu1/GitHub/research2018/ece532_sdk/lab4/tutorial_4/tutorial_4.srcs/sources_1/bd/design_1/synth/design_1.v:1214]
INFO: [Synth 8-6157] synthesizing module 'design_1_auto_cc_0' [/nfs/ug/homes-0/s/smithqu1/GitHub/research2018/ece532_sdk/lab4/tutorial_4/tutorial_4.runs/synth_1/.Xil/Vivado-13286-ug239/realtime/design_1_auto_cc_0_stub.v:6]
INFO: [Synth 8-6155] done synthesizing module 'design_1_auto_cc_0' (7#1) [/nfs/ug/homes-0/s/smithqu1/GitHub/research2018/ece532_sdk/lab4/tutorial_4/tutorial_4.runs/synth_1/.Xil/Vivado-13286-ug239/realtime/design_1_auto_cc_0_stub.v:6]
INFO: [Synth 8-6157] synthesizing module 'design_1_auto_pc_0' [/nfs/ug/homes-0/s/smithqu1/GitHub/research2018/ece532_sdk/lab4/tutorial_4/tutorial_4.runs/synth_1/.Xil/Vivado-13286-ug239/realtime/design_1_auto_pc_0_stub.v:6]
INFO: [Synth 8-6155] done synthesizing module 'design_1_auto_pc_0' (8#1) [/nfs/ug/homes-0/s/smithqu1/GitHub/research2018/ece532_sdk/lab4/tutorial_4/tutorial_4.runs/synth_1/.Xil/Vivado-13286-ug239/realtime/design_1_auto_pc_0_stub.v:6]
WARNING: [Synth 8-350] instance 'auto_pc' of module 'design_1_auto_pc_0' requires 56 connections, but only 54 given [/nfs/ug/homes-0/s/smithqu1/GitHub/research2018/ece532_sdk/lab4/tutorial_4/tutorial_4.srcs/sources_1/bd/design_1/synth/design_1.v:1503]
INFO: [Synth 8-6155] done synthesizing module 'm01_couplers_imp_1UTB3Y5' (9#1) [/nfs/ug/homes-0/s/smithqu1/GitHub/research2018/ece532_sdk/lab4/tutorial_4/tutorial_4.srcs/sources_1/bd/design_1/synth/design_1.v:1214]
INFO: [Synth 8-6157] synthesizing module 's00_couplers_imp_1RZP34U' [/nfs/ug/homes-0/s/smithqu1/GitHub/research2018/ece532_sdk/lab4/tutorial_4/tutorial_4.srcs/sources_1/bd/design_1/synth/design_1.v:1794]
INFO: [Synth 8-6157] synthesizing module 'design_1_auto_us_0' [/nfs/ug/homes-0/s/smithqu1/GitHub/research2018/ece532_sdk/lab4/tutorial_4/tutorial_4.runs/synth_1/.Xil/Vivado-13286-ug239/realtime/design_1_auto_us_0_stub.v:6]
INFO: [Synth 8-6155] done synthesizing module 'design_1_auto_us_0' (10#1) [/nfs/ug/homes-0/s/smithqu1/GitHub/research2018/ece532_sdk/lab4/tutorial_4/tutorial_4.runs/synth_1/.Xil/Vivado-13286-ug239/realtime/design_1_auto_us_0_stub.v:6]
INFO: [Synth 8-6155] done synthesizing module 's00_couplers_imp_1RZP34U' (11#1) [/nfs/ug/homes-0/s/smithqu1/GitHub/research2018/ece532_sdk/lab4/tutorial_4/tutorial_4.srcs/sources_1/bd/design_1/synth/design_1.v:1794]
INFO: [Synth 8-6157] synthesizing module 'design_1_xbar_0' [/nfs/ug/homes-0/s/smithqu1/GitHub/research2018/ece532_sdk/lab4/tutorial_4/tutorial_4.runs/synth_1/.Xil/Vivado-13286-ug239/realtime/design_1_xbar_0_stub.v:6]
INFO: [Synth 8-6155] done synthesizing module 'design_1_xbar_0' (12#1) [/nfs/ug/homes-0/s/smithqu1/GitHub/research2018/ece532_sdk/lab4/tutorial_4/tutorial_4.runs/synth_1/.Xil/Vivado-13286-ug239/realtime/design_1_xbar_0_stub.v:6]
INFO: [Synth 8-6155] done synthesizing module 'design_1_microblaze_0_axi_periph_1' (13#1) [/nfs/ug/homes-0/s/smithqu1/GitHub/research2018/ece532_sdk/lab4/tutorial_4/tutorial_4.srcs/sources_1/bd/design_1/synth/design_1.v:462]
INFO: [Synth 8-6157] synthesizing module 'microblaze_0_local_memory_imp_1K0VQXK' [/nfs/ug/homes-0/s/smithqu1/GitHub/research2018/ece532_sdk/lab4/tutorial_4/tutorial_4.srcs/sources_1/bd/design_1/synth/design_1.v:1560]
INFO: [Synth 8-6157] synthesizing module 'design_1_dlmb_bram_if_cntlr_0' [/nfs/ug/homes-0/s/smithqu1/GitHub/research2018/ece532_sdk/lab4/tutorial_4/tutorial_4.runs/synth_1/.Xil/Vivado-13286-ug239/realtime/design_1_dlmb_bram_if_cntlr_0_stub.v:6]
INFO: [Synth 8-6155] done synthesizing module 'design_1_dlmb_bram_if_cntlr_0' (14#1) [/nfs/ug/homes-0/s/smithqu1/GitHub/research2018/ece532_sdk/lab4/tutorial_4/tutorial_4.runs/synth_1/.Xil/Vivado-13286-ug239/realtime/design_1_dlmb_bram_if_cntlr_0_stub.v:6]
INFO: [Synth 8-6157] synthesizing module 'design_1_dlmb_v10_0' [/nfs/ug/homes-0/s/smithqu1/GitHub/research2018/ece532_sdk/lab4/tutorial_4/tutorial_4.runs/synth_1/.Xil/Vivado-13286-ug239/realtime/design_1_dlmb_v10_0_stub.v:6]
INFO: [Synth 8-6155] done synthesizing module 'design_1_dlmb_v10_0' (15#1) [/nfs/ug/homes-0/s/smithqu1/GitHub/research2018/ece532_sdk/lab4/tutorial_4/tutorial_4.runs/synth_1/.Xil/Vivado-13286-ug239/realtime/design_1_dlmb_v10_0_stub.v:6]
WARNING: [Synth 8-350] instance 'dlmb_v10' of module 'design_1_dlmb_v10_0' requires 25 connections, but only 24 given [/nfs/ug/homes-0/s/smithqu1/GitHub/research2018/ece532_sdk/lab4/tutorial_4/tutorial_4.srcs/sources_1/bd/design_1/synth/design_1.v:1706]
INFO: [Synth 8-6157] synthesizing module 'design_1_ilmb_bram_if_cntlr_0' [/nfs/ug/homes-0/s/smithqu1/GitHub/research2018/ece532_sdk/lab4/tutorial_4/tutorial_4.runs/synth_1/.Xil/Vivado-13286-ug239/realtime/design_1_ilmb_bram_if_cntlr_0_stub.v:6]
INFO: [Synth 8-6155] done synthesizing module 'design_1_ilmb_bram_if_cntlr_0' (16#1) [/nfs/ug/homes-0/s/smithqu1/GitHub/research2018/ece532_sdk/lab4/tutorial_4/tutorial_4.runs/synth_1/.Xil/Vivado-13286-ug239/realtime/design_1_ilmb_bram_if_cntlr_0_stub.v:6]
INFO: [Synth 8-6157] synthesizing module 'design_1_ilmb_v10_0' [/nfs/ug/homes-0/s/smithqu1/GitHub/research2018/ece532_sdk/lab4/tutorial_4/tutorial_4.runs/synth_1/.Xil/Vivado-13286-ug239/realtime/design_1_ilmb_v10_0_stub.v:6]
INFO: [Synth 8-6155] done synthesizing module 'design_1_ilmb_v10_0' (17#1) [/nfs/ug/homes-0/s/smithqu1/GitHub/research2018/ece532_sdk/lab4/tutorial_4/tutorial_4.runs/synth_1/.Xil/Vivado-13286-ug239/realtime/design_1_ilmb_v10_0_stub.v:6]
WARNING: [Synth 8-350] instance 'ilmb_v10' of module 'design_1_ilmb_v10_0' requires 25 connections, but only 24 given [/nfs/ug/homes-0/s/smithqu1/GitHub/research2018/ece532_sdk/lab4/tutorial_4/tutorial_4.srcs/sources_1/bd/design_1/synth/design_1.v:1752]
INFO: [Synth 8-6157] synthesizing module 'design_1_lmb_bram_0' [/nfs/ug/homes-0/s/smithqu1/GitHub/research2018/ece532_sdk/lab4/tutorial_4/tutorial_4.runs/synth_1/.Xil/Vivado-13286-ug239/realtime/design_1_lmb_bram_0_stub.v:6]
INFO: [Synth 8-6155] done synthesizing module 'design_1_lmb_bram_0' (18#1) [/nfs/ug/homes-0/s/smithqu1/GitHub/research2018/ece532_sdk/lab4/tutorial_4/tutorial_4.runs/synth_1/.Xil/Vivado-13286-ug239/realtime/design_1_lmb_bram_0_stub.v:6]
WARNING: [Synth 8-350] instance 'lmb_bram' of module 'design_1_lmb_bram_0' requires 16 connections, but only 14 given [/nfs/ug/homes-0/s/smithqu1/GitHub/research2018/ece532_sdk/lab4/tutorial_4/tutorial_4.srcs/sources_1/bd/design_1/synth/design_1.v:1777]
INFO: [Synth 8-6155] done synthesizing module 'microblaze_0_local_memory_imp_1K0VQXK' (19#1) [/nfs/ug/homes-0/s/smithqu1/GitHub/research2018/ece532_sdk/lab4/tutorial_4/tutorial_4.srcs/sources_1/bd/design_1/synth/design_1.v:1560]
INFO: [Synth 8-6157] synthesizing module 'design_1_mig_7series_0_0' [/nfs/ug/homes-0/s/smithqu1/GitHub/research2018/ece532_sdk/lab4/tutorial_4/tutorial_4.runs/synth_1/.Xil/Vivado-13286-ug239/realtime/design_1_mig_7series_0_0_stub.v:5]
INFO: [Synth 8-6155] done synthesizing module 'design_1_mig_7series_0_0' (20#1) [/nfs/ug/homes-0/s/smithqu1/GitHub/research2018/ece532_sdk/lab4/tutorial_4/tutorial_4.runs/synth_1/.Xil/Vivado-13286-ug239/realtime/design_1_mig_7series_0_0_stub.v:5]
WARNING: [Synth 8-350] instance 'mig_7series_0' of module 'design_1_mig_7series_0_0' requires 61 connections, but only 55 given [/nfs/ug/homes-0/s/smithqu1/GitHub/research2018/ece532_sdk/lab4/tutorial_4/tutorial_4.srcs/sources_1/bd/design_1/synth/design_1.v:387]
INFO: [Synth 8-6157] synthesizing module 'design_1_rst_clk_wiz_1_100M_0' [/nfs/ug/homes-0/s/smithqu1/GitHub/research2018/ece532_sdk/lab4/tutorial_4/tutorial_4.runs/synth_1/.Xil/Vivado-13286-ug239/realtime/design_1_rst_clk_wiz_1_100M_0_stub.v:6]
INFO: [Synth 8-6155] done synthesizing module 'design_1_rst_clk_wiz_1_100M_0' (21#1) [/nfs/ug/homes-0/s/smithqu1/GitHub/research2018/ece532_sdk/lab4/tutorial_4/tutorial_4.runs/synth_1/.Xil/Vivado-13286-ug239/realtime/design_1_rst_clk_wiz_1_100M_0_stub.v:6]
WARNING: [Synth 8-350] instance 'rst_clk_wiz_1_100M' of module 'design_1_rst_clk_wiz_1_100M_0' requires 10 connections, but only 9 given [/nfs/ug/homes-0/s/smithqu1/GitHub/research2018/ece532_sdk/lab4/tutorial_4/tutorial_4.srcs/sources_1/bd/design_1/synth/design_1.v:443]
INFO: [Synth 8-6157] synthesizing module 'design_1_rst_mig_7series_0_81M_1' [/nfs/ug/homes-0/s/smithqu1/GitHub/research2018/ece532_sdk/lab4/tutorial_4/tutorial_4.runs/synth_1/.Xil/Vivado-13286-ug239/realtime/design_1_rst_mig_7series_0_81M_1_stub.v:6]
INFO: [Synth 8-6155] done synthesizing module 'design_1_rst_mig_7series_0_81M_1' (22#1) [/nfs/ug/homes-0/s/smithqu1/GitHub/research2018/ece532_sdk/lab4/tutorial_4/tutorial_4.runs/synth_1/.Xil/Vivado-13286-ug239/realtime/design_1_rst_mig_7series_0_81M_1_stub.v:6]
WARNING: [Synth 8-350] instance 'rst_mig_7series_0_81M' of module 'design_1_rst_mig_7series_0_81M_1' requires 10 connections, but only 6 given [/nfs/ug/homes-0/s/smithqu1/GitHub/research2018/ece532_sdk/lab4/tutorial_4/tutorial_4.srcs/sources_1/bd/design_1/synth/design_1.v:453]
INFO: [Synth 8-6155] done synthesizing module 'design_1' (23#1) [/nfs/ug/homes-0/s/smithqu1/GitHub/research2018/ece532_sdk/lab4/tutorial_4/tutorial_4.srcs/sources_1/bd/design_1/synth/design_1.v:13]
INFO: [Synth 8-6155] done synthesizing module 'design_1_wrapper' (24#1) [/nfs/ug/homes-0/s/smithqu1/GitHub/research2018/ece532_sdk/lab4/tutorial_4/tutorial_4.srcs/sources_1/bd/design_1/hdl/design_1_wrapper.v:12]
WARNING: [Synth 8-3331] design s00_couplers_imp_1RZP34U has unconnected port M_ACLK
WARNING: [Synth 8-3331] design s00_couplers_imp_1RZP34U has unconnected port M_ARESETN
WARNING: [Synth 8-3331] design m00_couplers_imp_8RVYHO has unconnected port M_ACLK
WARNING: [Synth 8-3331] design m00_couplers_imp_8RVYHO has unconnected port M_ARESETN
---------------------------------------------------------------------------------
Finished RTL Elaboration : Time (s): cpu = 00:00:08 ; elapsed = 00:00:09 . Memory (MB): peak = 1501.270 ; gain = 0.000 ; free physical = 2672 ; free virtual = 35526
---------------------------------------------------------------------------------

Report Check Netlist: 
+------+------------------+-------+---------+-------+------------------+
|      |Item              |Errors |Warnings |Status |Description       |
+------+------------------+-------+---------+-------+------------------+
|1     |multi_driven_nets |      0|        0|Passed |Multi driven nets |
+------+------------------+-------+---------+-------+------------------+
---------------------------------------------------------------------------------
Start Handling Custom Attributes
---------------------------------------------------------------------------------
---------------------------------------------------------------------------------
Finished Handling Custom Attributes : Time (s): cpu = 00:00:08 ; elapsed = 00:00:09 . Memory (MB): peak = 1501.270 ; gain = 0.000 ; free physical = 2672 ; free virtual = 35526
---------------------------------------------------------------------------------
---------------------------------------------------------------------------------
Finished RTL Optimization Phase 1 : Time (s): cpu = 00:00:08 ; elapsed = 00:00:09 . Memory (MB): peak = 1501.270 ; gain = 0.000 ; free physical = 2672 ; free virtual = 35526
---------------------------------------------------------------------------------
INFO: [Device 21-403] Loading part xc7a100tcsg324-1
INFO: [Project 1-570] Preparing netlist for logic optimization

Processing XDC Constraints
Initializing timing engine
Parsing XDC File [/nfs/ug/homes-0/s/smithqu1/GitHub/research2018/ece532_sdk/lab4/tutorial_4/tutorial_4.srcs/sources_1/bd/design_1/ip/design_1_microblaze_0_0/design_1_microblaze_0_0/design_1_microblaze_0_0_in_context.xdc] for cell 'design_1_i/microblaze_0'
Finished Parsing XDC File [/nfs/ug/homes-0/s/smithqu1/GitHub/research2018/ece532_sdk/lab4/tutorial_4/tutorial_4.srcs/sources_1/bd/design_1/ip/design_1_microblaze_0_0/design_1_microblaze_0_0/design_1_microblaze_0_0_in_context.xdc] for cell 'design_1_i/microblaze_0'
Parsing XDC File [/nfs/ug/homes-0/s/smithqu1/GitHub/research2018/ece532_sdk/lab4/tutorial_4/tutorial_4.srcs/sources_1/bd/design_1/ip/design_1_mdm_1_0/design_1_mdm_1_0/design_1_mdm_1_0_in_context.xdc] for cell 'design_1_i/mdm_1'
Finished Parsing XDC File [/nfs/ug/homes-0/s/smithqu1/GitHub/research2018/ece532_sdk/lab4/tutorial_4/tutorial_4.srcs/sources_1/bd/design_1/ip/design_1_mdm_1_0/design_1_mdm_1_0/design_1_mdm_1_0_in_context.xdc] for cell 'design_1_i/mdm_1'
Parsing XDC File [/nfs/ug/homes-0/s/smithqu1/GitHub/research2018/ece532_sdk/lab4/tutorial_4/tutorial_4.srcs/sources_1/bd/design_1/ip/design_1_clk_wiz_1_0/design_1_clk_wiz_1_0/design_1_clk_wiz_1_0_in_context.xdc] for cell 'design_1_i/clk_wiz_1'
Finished Parsing XDC File [/nfs/ug/homes-0/s/smithqu1/GitHub/research2018/ece532_sdk/lab4/tutorial_4/tutorial_4.srcs/sources_1/bd/design_1/ip/design_1_clk_wiz_1_0/design_1_clk_wiz_1_0/design_1_clk_wiz_1_0_in_context.xdc] for cell 'design_1_i/clk_wiz_1'
Parsing XDC File [/nfs/ug/homes-0/s/smithqu1/GitHub/research2018/ece532_sdk/lab4/tutorial_4/tutorial_4.srcs/sources_1/bd/design_1/ip/design_1_rst_clk_wiz_1_100M_0/design_1_rst_clk_wiz_1_100M_0/design_1_rst_clk_wiz_1_100M_0_in_context.xdc] for cell 'design_1_i/rst_clk_wiz_1_100M'
Finished Parsing XDC File [/nfs/ug/homes-0/s/smithqu1/GitHub/research2018/ece532_sdk/lab4/tutorial_4/tutorial_4.srcs/sources_1/bd/design_1/ip/design_1_rst_clk_wiz_1_100M_0/design_1_rst_clk_wiz_1_100M_0/design_1_rst_clk_wiz_1_100M_0_in_context.xdc] for cell 'design_1_i/rst_clk_wiz_1_100M'
Parsing XDC File [/nfs/ug/homes-0/s/smithqu1/GitHub/research2018/ece532_sdk/lab4/tutorial_4/tutorial_4.srcs/sources_1/bd/design_1/ip/design_1_axi_uartlite_0_0/design_1_axi_uartlite_0_0/design_1_axi_uartlite_0_0_in_context.xdc] for cell 'design_1_i/axi_uartlite_0'
Finished Parsing XDC File [/nfs/ug/homes-0/s/smithqu1/GitHub/research2018/ece532_sdk/lab4/tutorial_4/tutorial_4.srcs/sources_1/bd/design_1/ip/design_1_axi_uartlite_0_0/design_1_axi_uartlite_0_0/design_1_axi_uartlite_0_0_in_context.xdc] for cell 'design_1_i/axi_uartlite_0'
Parsing XDC File [/nfs/ug/homes-0/s/smithqu1/GitHub/research2018/ece532_sdk/lab4/tutorial_4/tutorial_4.srcs/sources_1/bd/design_1/ip/design_1_mig_7series_0_0/design_1_mig_7series_0_0/design_1_mig_7series_0_0_in_context.xdc] for cell 'design_1_i/mig_7series_0'
Finished Parsing XDC File [/nfs/ug/homes-0/s/smithqu1/GitHub/research2018/ece532_sdk/lab4/tutorial_4/tutorial_4.srcs/sources_1/bd/design_1/ip/design_1_mig_7series_0_0/design_1_mig_7series_0_0/design_1_mig_7series_0_0_in_context.xdc] for cell 'design_1_i/mig_7series_0'
Parsing XDC File [/nfs/ug/homes-0/s/smithqu1/GitHub/research2018/ece532_sdk/lab4/tutorial_4/tutorial_4.srcs/sources_1/bd/design_1/ip/design_1_rst_mig_7series_0_81M_1/design_1_rst_mig_7series_0_81M_1/design_1_rst_mig_7series_0_81M_1_in_context.xdc] for cell 'design_1_i/rst_mig_7series_0_81M'
Finished Parsing XDC File [/nfs/ug/homes-0/s/smithqu1/GitHub/research2018/ece532_sdk/lab4/tutorial_4/tutorial_4.srcs/sources_1/bd/design_1/ip/design_1_rst_mig_7series_0_81M_1/design_1_rst_mig_7series_0_81M_1/design_1_rst_mig_7series_0_81M_1_in_context.xdc] for cell 'design_1_i/rst_mig_7series_0_81M'
Parsing XDC File [/nfs/ug/homes-0/s/smithqu1/GitHub/research2018/ece532_sdk/lab4/tutorial_4/tutorial_4.srcs/sources_1/bd/design_1/ip/design_1_xbar_0/design_1_xbar_0/design_1_xbar_0_in_context.xdc] for cell 'design_1_i/microblaze_0_axi_periph/xbar'
Finished Parsing XDC File [/nfs/ug/homes-0/s/smithqu1/GitHub/research2018/ece532_sdk/lab4/tutorial_4/tutorial_4.srcs/sources_1/bd/design_1/ip/design_1_xbar_0/design_1_xbar_0/design_1_xbar_0_in_context.xdc] for cell 'design_1_i/microblaze_0_axi_periph/xbar'
Parsing XDC File [/nfs/ug/homes-0/s/smithqu1/GitHub/research2018/ece532_sdk/lab4/tutorial_4/tutorial_4.srcs/sources_1/bd/design_1/ip/design_1_auto_cc_0/design_1_auto_cc_0/design_1_auto_cc_0_in_context.xdc] for cell 'design_1_i/microblaze_0_axi_periph/m01_couplers/auto_cc'
Finished Parsing XDC File [/nfs/ug/homes-0/s/smithqu1/GitHub/research2018/ece532_sdk/lab4/tutorial_4/tutorial_4.srcs/sources_1/bd/design_1/ip/design_1_auto_cc_0/design_1_auto_cc_0/design_1_auto_cc_0_in_context.xdc] for cell 'design_1_i/microblaze_0_axi_periph/m01_couplers/auto_cc'
Parsing XDC File [/nfs/ug/homes-0/s/smithqu1/GitHub/research2018/ece532_sdk/lab4/tutorial_4/tutorial_4.srcs/sources_1/bd/design_1/ip/design_1_auto_pc_0/design_1_auto_pc_0/design_1_auto_pc_0_in_context.xdc] for cell 'design_1_i/microblaze_0_axi_periph/m01_couplers/auto_pc'
Finished Parsing XDC File [/nfs/ug/homes-0/s/smithqu1/GitHub/research2018/ece532_sdk/lab4/tutorial_4/tutorial_4.srcs/sources_1/bd/design_1/ip/design_1_auto_pc_0/design_1_auto_pc_0/design_1_auto_pc_0_in_context.xdc] for cell 'design_1_i/microblaze_0_axi_periph/m01_couplers/auto_pc'
Parsing XDC File [/nfs/ug/homes-0/s/smithqu1/GitHub/research2018/ece532_sdk/lab4/tutorial_4/tutorial_4.srcs/sources_1/bd/design_1/ip/design_1_auto_ds_0/design_1_auto_ds_0/design_1_auto_ds_0_in_context.xdc] for cell 'design_1_i/microblaze_0_axi_periph/m00_couplers/auto_ds'
Finished Parsing XDC File [/nfs/ug/homes-0/s/smithqu1/GitHub/research2018/ece532_sdk/lab4/tutorial_4/tutorial_4.srcs/sources_1/bd/design_1/ip/design_1_auto_ds_0/design_1_auto_ds_0/design_1_auto_ds_0_in_context.xdc] for cell 'design_1_i/microblaze_0_axi_periph/m00_couplers/auto_ds'
Parsing XDC File [/nfs/ug/homes-0/s/smithqu1/GitHub/research2018/ece532_sdk/lab4/tutorial_4/tutorial_4.srcs/sources_1/bd/design_1/ip/design_1_auto_us_0/design_1_auto_us_0/design_1_auto_us_0_in_context.xdc] for cell 'design_1_i/microblaze_0_axi_periph/s00_couplers/auto_us'
Finished Parsing XDC File [/nfs/ug/homes-0/s/smithqu1/GitHub/research2018/ece532_sdk/lab4/tutorial_4/tutorial_4.srcs/sources_1/bd/design_1/ip/design_1_auto_us_0/design_1_auto_us_0/design_1_auto_us_0_in_context.xdc] for cell 'design_1_i/microblaze_0_axi_periph/s00_couplers/auto_us'
Parsing XDC File [/nfs/ug/homes-0/s/smithqu1/GitHub/research2018/ece532_sdk/lab4/tutorial_4/tutorial_4.srcs/sources_1/bd/design_1/ip/design_1_dlmb_v10_0/design_1_dlmb_v10_0/design_1_ilmb_v10_0_in_context.xdc] for cell 'design_1_i/microblaze_0_local_memory/dlmb_v10'
Finished Parsing XDC File [/nfs/ug/homes-0/s/smithqu1/GitHub/research2018/ece532_sdk/lab4/tutorial_4/tutorial_4.srcs/sources_1/bd/design_1/ip/design_1_dlmb_v10_0/design_1_dlmb_v10_0/design_1_ilmb_v10_0_in_context.xdc] for cell 'design_1_i/microblaze_0_local_memory/dlmb_v10'
Parsing XDC File [/nfs/ug/homes-0/s/smithqu1/GitHub/research2018/ece532_sdk/lab4/tutorial_4/tutorial_4.srcs/sources_1/bd/design_1/ip/design_1_ilmb_v10_0/design_1_ilmb_v10_0/design_1_ilmb_v10_0_in_context.xdc] for cell 'design_1_i/microblaze_0_local_memory/ilmb_v10'
Finished Parsing XDC File [/nfs/ug/homes-0/s/smithqu1/GitHub/research2018/ece532_sdk/lab4/tutorial_4/tutorial_4.srcs/sources_1/bd/design_1/ip/design_1_ilmb_v10_0/design_1_ilmb_v10_0/design_1_ilmb_v10_0_in_context.xdc] for cell 'design_1_i/microblaze_0_local_memory/ilmb_v10'
Parsing XDC File [/nfs/ug/homes-0/s/smithqu1/GitHub/research2018/ece532_sdk/lab4/tutorial_4/tutorial_4.srcs/sources_1/bd/design_1/ip/design_1_dlmb_bram_if_cntlr_0/design_1_dlmb_bram_if_cntlr_0/design_1_dlmb_bram_if_cntlr_0_in_context.xdc] for cell 'design_1_i/microblaze_0_local_memory/dlmb_bram_if_cntlr'
Finished Parsing XDC File [/nfs/ug/homes-0/s/smithqu1/GitHub/research2018/ece532_sdk/lab4/tutorial_4/tutorial_4.srcs/sources_1/bd/design_1/ip/design_1_dlmb_bram_if_cntlr_0/design_1_dlmb_bram_if_cntlr_0/design_1_dlmb_bram_if_cntlr_0_in_context.xdc] for cell 'design_1_i/microblaze_0_local_memory/dlmb_bram_if_cntlr'
Parsing XDC File [/nfs/ug/homes-0/s/smithqu1/GitHub/research2018/ece532_sdk/lab4/tutorial_4/tutorial_4.srcs/sources_1/bd/design_1/ip/design_1_ilmb_bram_if_cntlr_0/design_1_ilmb_bram_if_cntlr_0/design_1_ilmb_bram_if_cntlr_0_in_context.xdc] for cell 'design_1_i/microblaze_0_local_memory/ilmb_bram_if_cntlr'
Finished Parsing XDC File [/nfs/ug/homes-0/s/smithqu1/GitHub/research2018/ece532_sdk/lab4/tutorial_4/tutorial_4.srcs/sources_1/bd/design_1/ip/design_1_ilmb_bram_if_cntlr_0/design_1_ilmb_bram_if_cntlr_0/design_1_ilmb_bram_if_cntlr_0_in_context.xdc] for cell 'design_1_i/microblaze_0_local_memory/ilmb_bram_if_cntlr'
Parsing XDC File [/nfs/ug/homes-0/s/smithqu1/GitHub/research2018/ece532_sdk/lab4/tutorial_4/tutorial_4.srcs/sources_1/bd/design_1/ip/design_1_lmb_bram_0/design_1_lmb_bram_0/design_1_lmb_bram_0_in_context.xdc] for cell 'design_1_i/microblaze_0_local_memory/lmb_bram'
Finished Parsing XDC File [/nfs/ug/homes-0/s/smithqu1/GitHub/research2018/ece532_sdk/lab4/tutorial_4/tutorial_4.srcs/sources_1/bd/design_1/ip/design_1_lmb_bram_0/design_1_lmb_bram_0/design_1_lmb_bram_0_in_context.xdc] for cell 'design_1_i/microblaze_0_local_memory/lmb_bram'
Parsing XDC File [/nfs/ug/homes-0/s/smithqu1/GitHub/research2018/ece532_sdk/lab4/tutorial_4/tutorial_4.runs/synth_1/dont_touch.xdc]
Finished Parsing XDC File [/nfs/ug/homes-0/s/smithqu1/GitHub/research2018/ece532_sdk/lab4/tutorial_4/tutorial_4.runs/synth_1/dont_touch.xdc]
Completed Processing XDC Constraints

INFO: [Project 1-111] Unisim Transformation Summary:
No Unisim elements were transformed.

Constraint Validation Runtime : Time (s): cpu = 00:00:00.01 ; elapsed = 00:00:00 . Memory (MB): peak = 1758.621 ; gain = 0.000 ; free physical = 2370 ; free virtual = 35241
WARNING: [Timing 38-316] Clock period '20.000' specified during out-of-context synthesis of instance 'design_1_i/microblaze_0_local_memory/lmb_bram' at clock pin 'clka' is different from the actual clock period '10.000', this can lead to different synthesis results.
---------------------------------------------------------------------------------
Finished Constraint Validation : Time (s): cpu = 00:00:21 ; elapsed = 00:00:34 . Memory (MB): peak = 1758.621 ; gain = 257.352 ; free physical = 2530 ; free virtual = 35376
---------------------------------------------------------------------------------
---------------------------------------------------------------------------------
Start Loading Part and Timing Information
---------------------------------------------------------------------------------
Loading part: xc7a100tcsg324-1
---------------------------------------------------------------------------------
Finished Loading Part and Timing Information : Time (s): cpu = 00:00:21 ; elapsed = 00:00:34 . Memory (MB): peak = 1758.621 ; gain = 257.352 ; free physical = 2530 ; free virtual = 35376
---------------------------------------------------------------------------------
---------------------------------------------------------------------------------
Start Applying 'set_property' XDC Constraints
---------------------------------------------------------------------------------
Applied set_property IO_BUFFER_TYPE = NONE for sys_clock. (constraint file  /nfs/ug/homes-0/s/smithqu1/GitHub/research2018/ece532_sdk/lab4/tutorial_4/tutorial_4.srcs/sources_1/bd/design_1/ip/design_1_clk_wiz_1_0/design_1_clk_wiz_1_0/design_1_clk_wiz_1_0_in_context.xdc, line 4).
Applied set_property CLOCK_BUFFER_TYPE = NONE for sys_clock. (constraint file  /nfs/ug/homes-0/s/smithqu1/GitHub/research2018/ece532_sdk/lab4/tutorial_4/tutorial_4.srcs/sources_1/bd/design_1/ip/design_1_clk_wiz_1_0/design_1_clk_wiz_1_0/design_1_clk_wiz_1_0_in_context.xdc, line 5).
Applied set_property IO_BUFFER_TYPE = NONE for DDR2_0_addr[0]. (constraint file  /nfs/ug/homes-0/s/smithqu1/GitHub/research2018/ece532_sdk/lab4/tutorial_4/tutorial_4.srcs/sources_1/bd/design_1/ip/design_1_mig_7series_0_0/design_1_mig_7series_0_0/design_1_mig_7series_0_0_in_context.xdc, line 2).
Applied set_property CLOCK_BUFFER_TYPE = NONE for DDR2_0_addr[0]. (constraint file  /nfs/ug/homes-0/s/smithqu1/GitHub/research2018/ece532_sdk/lab4/tutorial_4/tutorial_4.srcs/sources_1/bd/design_1/ip/design_1_mig_7series_0_0/design_1_mig_7series_0_0/design_1_mig_7series_0_0_in_context.xdc, line 3).
Applied set_property IO_BUFFER_TYPE = NONE for DDR2_0_addr[10]. (constraint file  /nfs/ug/homes-0/s/smithqu1/GitHub/research2018/ece532_sdk/lab4/tutorial_4/tutorial_4.srcs/sources_1/bd/design_1/ip/design_1_mig_7series_0_0/design_1_mig_7series_0_0/design_1_mig_7series_0_0_in_context.xdc, line 4).
Applied set_property CLOCK_BUFFER_TYPE = NONE for DDR2_0_addr[10]. (constraint file  /nfs/ug/homes-0/s/smithqu1/GitHub/research2018/ece532_sdk/lab4/tutorial_4/tutorial_4.srcs/sources_1/bd/design_1/ip/design_1_mig_7series_0_0/design_1_mig_7series_0_0/design_1_mig_7series_0_0_in_context.xdc, line 5).
Applied set_property IO_BUFFER_TYPE = NONE for DDR2_0_addr[11]. (constraint file  /nfs/ug/homes-0/s/smithqu1/GitHub/research2018/ece532_sdk/lab4/tutorial_4/tutorial_4.srcs/sources_1/bd/design_1/ip/design_1_mig_7series_0_0/design_1_mig_7series_0_0/design_1_mig_7series_0_0_in_context.xdc, line 6).
Applied set_property CLOCK_BUFFER_TYPE = NONE for DDR2_0_addr[11]. (constraint file  /nfs/ug/homes-0/s/smithqu1/GitHub/research2018/ece532_sdk/lab4/tutorial_4/tutorial_4.srcs/sources_1/bd/design_1/ip/design_1_mig_7series_0_0/design_1_mig_7series_0_0/design_1_mig_7series_0_0_in_context.xdc, line 7).
Applied set_property IO_BUFFER_TYPE = NONE for DDR2_0_addr[12]. (constraint file  /nfs/ug/homes-0/s/smithqu1/GitHub/research2018/ece532_sdk/lab4/tutorial_4/tutorial_4.srcs/sources_1/bd/design_1/ip/design_1_mig_7series_0_0/design_1_mig_7series_0_0/design_1_mig_7series_0_0_in_context.xdc, line 8).
Applied set_property CLOCK_BUFFER_TYPE = NONE for DDR2_0_addr[12]. (constraint file  /nfs/ug/homes-0/s/smithqu1/GitHub/research2018/ece532_sdk/lab4/tutorial_4/tutorial_4.srcs/sources_1/bd/design_1/ip/design_1_mig_7series_0_0/design_1_mig_7series_0_0/design_1_mig_7series_0_0_in_context.xdc, line 9).
Applied set_property IO_BUFFER_TYPE = NONE for DDR2_0_addr[1]. (constraint file  /nfs/ug/homes-0/s/smithqu1/GitHub/research2018/ece532_sdk/lab4/tutorial_4/tutorial_4.srcs/sources_1/bd/design_1/ip/design_1_mig_7series_0_0/design_1_mig_7series_0_0/design_1_mig_7series_0_0_in_context.xdc, line 10).
Applied set_property CLOCK_BUFFER_TYPE = NONE for DDR2_0_addr[1]. (constraint file  /nfs/ug/homes-0/s/smithqu1/GitHub/research2018/ece532_sdk/lab4/tutorial_4/tutorial_4.srcs/sources_1/bd/design_1/ip/design_1_mig_7series_0_0/design_1_mig_7series_0_0/design_1_mig_7series_0_0_in_context.xdc, line 11).
Applied set_property IO_BUFFER_TYPE = NONE for DDR2_0_addr[2]. (constraint file  /nfs/ug/homes-0/s/smithqu1/GitHub/research2018/ece532_sdk/lab4/tutorial_4/tutorial_4.srcs/sources_1/bd/design_1/ip/design_1_mig_7series_0_0/design_1_mig_7series_0_0/design_1_mig_7series_0_0_in_context.xdc, line 12).
Applied set_property CLOCK_BUFFER_TYPE = NONE for DDR2_0_addr[2]. (constraint file  /nfs/ug/homes-0/s/smithqu1/GitHub/research2018/ece532_sdk/lab4/tutorial_4/tutorial_4.srcs/sources_1/bd/design_1/ip/design_1_mig_7series_0_0/design_1_mig_7series_0_0/design_1_mig_7series_0_0_in_context.xdc, line 13).
Applied set_property IO_BUFFER_TYPE = NONE for DDR2_0_addr[3]. (constraint file  /nfs/ug/homes-0/s/smithqu1/GitHub/research2018/ece532_sdk/lab4/tutorial_4/tutorial_4.srcs/sources_1/bd/design_1/ip/design_1_mig_7series_0_0/design_1_mig_7series_0_0/design_1_mig_7series_0_0_in_context.xdc, line 14).
Applied set_property CLOCK_BUFFER_TYPE = NONE for DDR2_0_addr[3]. (constraint file  /nfs/ug/homes-0/s/smithqu1/GitHub/research2018/ece532_sdk/lab4/tutorial_4/tutorial_4.srcs/sources_1/bd/design_1/ip/design_1_mig_7series_0_0/design_1_mig_7series_0_0/design_1_mig_7series_0_0_in_context.xdc, line 15).
Applied set_property IO_BUFFER_TYPE = NONE for DDR2_0_addr[4]. (constraint file  /nfs/ug/homes-0/s/smithqu1/GitHub/research2018/ece532_sdk/lab4/tutorial_4/tutorial_4.srcs/sources_1/bd/design_1/ip/design_1_mig_7series_0_0/design_1_mig_7series_0_0/design_1_mig_7series_0_0_in_context.xdc, line 16).
Applied set_property CLOCK_BUFFER_TYPE = NONE for DDR2_0_addr[4]. (constraint file  /nfs/ug/homes-0/s/smithqu1/GitHub/research2018/ece532_sdk/lab4/tutorial_4/tutorial_4.srcs/sources_1/bd/design_1/ip/design_1_mig_7series_0_0/design_1_mig_7series_0_0/design_1_mig_7series_0_0_in_context.xdc, line 17).
Applied set_property IO_BUFFER_TYPE = NONE for DDR2_0_addr[5]. (constraint file  /nfs/ug/homes-0/s/smithqu1/GitHub/research2018/ece532_sdk/lab4/tutorial_4/tutorial_4.srcs/sources_1/bd/design_1/ip/design_1_mig_7series_0_0/design_1_mig_7series_0_0/design_1_mig_7series_0_0_in_context.xdc, line 18).
Applied set_property CLOCK_BUFFER_TYPE = NONE for DDR2_0_addr[5]. (constraint file  /nfs/ug/homes-0/s/smithqu1/GitHub/research2018/ece532_sdk/lab4/tutorial_4/tutorial_4.srcs/sources_1/bd/design_1/ip/design_1_mig_7series_0_0/design_1_mig_7series_0_0/design_1_mig_7series_0_0_in_context.xdc, line 19).
Applied set_property IO_BUFFER_TYPE = NONE for DDR2_0_addr[6]. (constraint file  /nfs/ug/homes-0/s/smithqu1/GitHub/research2018/ece532_sdk/lab4/tutorial_4/tutorial_4.srcs/sources_1/bd/design_1/ip/design_1_mig_7series_0_0/design_1_mig_7series_0_0/design_1_mig_7series_0_0_in_context.xdc, line 20).
Applied set_property CLOCK_BUFFER_TYPE = NONE for DDR2_0_addr[6]. (constraint file  /nfs/ug/homes-0/s/smithqu1/GitHub/research2018/ece532_sdk/lab4/tutorial_4/tutorial_4.srcs/sources_1/bd/design_1/ip/design_1_mig_7series_0_0/design_1_mig_7series_0_0/design_1_mig_7series_0_0_in_context.xdc, line 21).
Applied set_property IO_BUFFER_TYPE = NONE for DDR2_0_addr[7]. (constraint file  /nfs/ug/homes-0/s/smithqu1/GitHub/research2018/ece532_sdk/lab4/tutorial_4/tutorial_4.srcs/sources_1/bd/design_1/ip/design_1_mig_7series_0_0/design_1_mig_7series_0_0/design_1_mig_7series_0_0_in_context.xdc, line 22).
Applied set_property CLOCK_BUFFER_TYPE = NONE for DDR2_0_addr[7]. (constraint file  /nfs/ug/homes-0/s/smithqu1/GitHub/research2018/ece532_sdk/lab4/tutorial_4/tutorial_4.srcs/sources_1/bd/design_1/ip/design_1_mig_7series_0_0/design_1_mig_7series_0_0/design_1_mig_7series_0_0_in_context.xdc, line 23).
Applied set_property IO_BUFFER_TYPE = NONE for DDR2_0_addr[8]. (constraint file  /nfs/ug/homes-0/s/smithqu1/GitHub/research2018/ece532_sdk/lab4/tutorial_4/tutorial_4.srcs/sources_1/bd/design_1/ip/design_1_mig_7series_0_0/design_1_mig_7series_0_0/design_1_mig_7series_0_0_in_context.xdc, line 24).
Applied set_property CLOCK_BUFFER_TYPE = NONE for DDR2_0_addr[8]. (constraint file  /nfs/ug/homes-0/s/smithqu1/GitHub/research2018/ece532_sdk/lab4/tutorial_4/tutorial_4.srcs/sources_1/bd/design_1/ip/design_1_mig_7series_0_0/design_1_mig_7series_0_0/design_1_mig_7series_0_0_in_context.xdc, line 25).
Applied set_property IO_BUFFER_TYPE = NONE for DDR2_0_addr[9]. (constraint file  /nfs/ug/homes-0/s/smithqu1/GitHub/research2018/ece532_sdk/lab4/tutorial_4/tutorial_4.srcs/sources_1/bd/design_1/ip/design_1_mig_7series_0_0/design_1_mig_7series_0_0/design_1_mig_7series_0_0_in_context.xdc, line 26).
Applied set_property CLOCK_BUFFER_TYPE = NONE for DDR2_0_addr[9]. (constraint file  /nfs/ug/homes-0/s/smithqu1/GitHub/research2018/ece532_sdk/lab4/tutorial_4/tutorial_4.srcs/sources_1/bd/design_1/ip/design_1_mig_7series_0_0/design_1_mig_7series_0_0/design_1_mig_7series_0_0_in_context.xdc, line 27).
Applied set_property IO_BUFFER_TYPE = NONE for DDR2_0_ba[0]. (constraint file  /nfs/ug/homes-0/s/smithqu1/GitHub/research2018/ece532_sdk/lab4/tutorial_4/tutorial_4.srcs/sources_1/bd/design_1/ip/design_1_mig_7series_0_0/design_1_mig_7series_0_0/design_1_mig_7series_0_0_in_context.xdc, line 28).
Applied set_property CLOCK_BUFFER_TYPE = NONE for DDR2_0_ba[0]. (constraint file  /nfs/ug/homes-0/s/smithqu1/GitHub/research2018/ece532_sdk/lab4/tutorial_4/tutorial_4.srcs/sources_1/bd/design_1/ip/design_1_mig_7series_0_0/design_1_mig_7series_0_0/design_1_mig_7series_0_0_in_context.xdc, line 29).
Applied set_property IO_BUFFER_TYPE = NONE for DDR2_0_ba[1]. (constraint file  /nfs/ug/homes-0/s/smithqu1/GitHub/research2018/ece532_sdk/lab4/tutorial_4/tutorial_4.srcs/sources_1/bd/design_1/ip/design_1_mig_7series_0_0/design_1_mig_7series_0_0/design_1_mig_7series_0_0_in_context.xdc, line 30).
Applied set_property CLOCK_BUFFER_TYPE = NONE for DDR2_0_ba[1]. (constraint file  /nfs/ug/homes-0/s/smithqu1/GitHub/research2018/ece532_sdk/lab4/tutorial_4/tutorial_4.srcs/sources_1/bd/design_1/ip/design_1_mig_7series_0_0/design_1_mig_7series_0_0/design_1_mig_7series_0_0_in_context.xdc, line 31).
Applied set_property IO_BUFFER_TYPE = NONE for DDR2_0_ba[2]. (constraint file  /nfs/ug/homes-0/s/smithqu1/GitHub/research2018/ece532_sdk/lab4/tutorial_4/tutorial_4.srcs/sources_1/bd/design_1/ip/design_1_mig_7series_0_0/design_1_mig_7series_0_0/design_1_mig_7series_0_0_in_context.xdc, line 32).
Applied set_property CLOCK_BUFFER_TYPE = NONE for DDR2_0_ba[2]. (constraint file  /nfs/ug/homes-0/s/smithqu1/GitHub/research2018/ece532_sdk/lab4/tutorial_4/tutorial_4.srcs/sources_1/bd/design_1/ip/design_1_mig_7series_0_0/design_1_mig_7series_0_0/design_1_mig_7series_0_0_in_context.xdc, line 33).
Applied set_property IO_BUFFER_TYPE = NONE for DDR2_0_cas_n. (constraint file  /nfs/ug/homes-0/s/smithqu1/GitHub/research2018/ece532_sdk/lab4/tutorial_4/tutorial_4.srcs/sources_1/bd/design_1/ip/design_1_mig_7series_0_0/design_1_mig_7series_0_0/design_1_mig_7series_0_0_in_context.xdc, line 34).
Applied set_property CLOCK_BUFFER_TYPE = NONE for DDR2_0_cas_n. (constraint file  /nfs/ug/homes-0/s/smithqu1/GitHub/research2018/ece532_sdk/lab4/tutorial_4/tutorial_4.srcs/sources_1/bd/design_1/ip/design_1_mig_7series_0_0/design_1_mig_7series_0_0/design_1_mig_7series_0_0_in_context.xdc, line 35).
Applied set_property IO_BUFFER_TYPE = NONE for DDR2_0_ck_n[0]. (constraint file  /nfs/ug/homes-0/s/smithqu1/GitHub/research2018/ece532_sdk/lab4/tutorial_4/tutorial_4.srcs/sources_1/bd/design_1/ip/design_1_mig_7series_0_0/design_1_mig_7series_0_0/design_1_mig_7series_0_0_in_context.xdc, line 36).
Applied set_property CLOCK_BUFFER_TYPE = NONE for DDR2_0_ck_n[0]. (constraint file  /nfs/ug/homes-0/s/smithqu1/GitHub/research2018/ece532_sdk/lab4/tutorial_4/tutorial_4.srcs/sources_1/bd/design_1/ip/design_1_mig_7series_0_0/design_1_mig_7series_0_0/design_1_mig_7series_0_0_in_context.xdc, line 37).
Applied set_property IO_BUFFER_TYPE = NONE for DDR2_0_ck_p[0]. (constraint file  /nfs/ug/homes-0/s/smithqu1/GitHub/research2018/ece532_sdk/lab4/tutorial_4/tutorial_4.srcs/sources_1/bd/design_1/ip/design_1_mig_7series_0_0/design_1_mig_7series_0_0/design_1_mig_7series_0_0_in_context.xdc, line 38).
Applied set_property CLOCK_BUFFER_TYPE = NONE for DDR2_0_ck_p[0]. (constraint file  /nfs/ug/homes-0/s/smithqu1/GitHub/research2018/ece532_sdk/lab4/tutorial_4/tutorial_4.srcs/sources_1/bd/design_1/ip/design_1_mig_7series_0_0/design_1_mig_7series_0_0/design_1_mig_7series_0_0_in_context.xdc, line 39).
Applied set_property IO_BUFFER_TYPE = NONE for DDR2_0_cke[0]. (constraint file  /nfs/ug/homes-0/s/smithqu1/GitHub/research2018/ece532_sdk/lab4/tutorial_4/tutorial_4.srcs/sources_1/bd/design_1/ip/design_1_mig_7series_0_0/design_1_mig_7series_0_0/design_1_mig_7series_0_0_in_context.xdc, line 40).
Applied set_property CLOCK_BUFFER_TYPE = NONE for DDR2_0_cke[0]. (constraint file  /nfs/ug/homes-0/s/smithqu1/GitHub/research2018/ece532_sdk/lab4/tutorial_4/tutorial_4.srcs/sources_1/bd/design_1/ip/design_1_mig_7series_0_0/design_1_mig_7series_0_0/design_1_mig_7series_0_0_in_context.xdc, line 41).
Applied set_property IO_BUFFER_TYPE = NONE for DDR2_0_cs_n[0]. (constraint file  /nfs/ug/homes-0/s/smithqu1/GitHub/research2018/ece532_sdk/lab4/tutorial_4/tutorial_4.srcs/sources_1/bd/design_1/ip/design_1_mig_7series_0_0/design_1_mig_7series_0_0/design_1_mig_7series_0_0_in_context.xdc, line 42).
Applied set_property CLOCK_BUFFER_TYPE = NONE for DDR2_0_cs_n[0]. (constraint file  /nfs/ug/homes-0/s/smithqu1/GitHub/research2018/ece532_sdk/lab4/tutorial_4/tutorial_4.srcs/sources_1/bd/design_1/ip/design_1_mig_7series_0_0/design_1_mig_7series_0_0/design_1_mig_7series_0_0_in_context.xdc, line 43).
Applied set_property IO_BUFFER_TYPE = NONE for DDR2_0_dm[0]. (constraint file  /nfs/ug/homes-0/s/smithqu1/GitHub/research2018/ece532_sdk/lab4/tutorial_4/tutorial_4.srcs/sources_1/bd/design_1/ip/design_1_mig_7series_0_0/design_1_mig_7series_0_0/design_1_mig_7series_0_0_in_context.xdc, line 44).
Applied set_property CLOCK_BUFFER_TYPE = NONE for DDR2_0_dm[0]. (constraint file  /nfs/ug/homes-0/s/smithqu1/GitHub/research2018/ece532_sdk/lab4/tutorial_4/tutorial_4.srcs/sources_1/bd/design_1/ip/design_1_mig_7series_0_0/design_1_mig_7series_0_0/design_1_mig_7series_0_0_in_context.xdc, line 45).
Applied set_property IO_BUFFER_TYPE = NONE for DDR2_0_dm[1]. (constraint file  /nfs/ug/homes-0/s/smithqu1/GitHub/research2018/ece532_sdk/lab4/tutorial_4/tutorial_4.srcs/sources_1/bd/design_1/ip/design_1_mig_7series_0_0/design_1_mig_7series_0_0/design_1_mig_7series_0_0_in_context.xdc, line 46).
Applied set_property CLOCK_BUFFER_TYPE = NONE for DDR2_0_dm[1]. (constraint file  /nfs/ug/homes-0/s/smithqu1/GitHub/research2018/ece532_sdk/lab4/tutorial_4/tutorial_4.srcs/sources_1/bd/design_1/ip/design_1_mig_7series_0_0/design_1_mig_7series_0_0/design_1_mig_7series_0_0_in_context.xdc, line 47).
Applied set_property IO_BUFFER_TYPE = NONE for DDR2_0_dq[0]. (constraint file  /nfs/ug/homes-0/s/smithqu1/GitHub/research2018/ece532_sdk/lab4/tutorial_4/tutorial_4.srcs/sources_1/bd/design_1/ip/design_1_mig_7series_0_0/design_1_mig_7series_0_0/design_1_mig_7series_0_0_in_context.xdc, line 48).
Applied set_property CLOCK_BUFFER_TYPE = NONE for DDR2_0_dq[0]. (constraint file  /nfs/ug/homes-0/s/smithqu1/GitHub/research2018/ece532_sdk/lab4/tutorial_4/tutorial_4.srcs/sources_1/bd/design_1/ip/design_1_mig_7series_0_0/design_1_mig_7series_0_0/design_1_mig_7series_0_0_in_context.xdc, line 49).
Applied set_property IO_BUFFER_TYPE = NONE for DDR2_0_dq[10]. (constraint file  /nfs/ug/homes-0/s/smithqu1/GitHub/research2018/ece532_sdk/lab4/tutorial_4/tutorial_4.srcs/sources_1/bd/design_1/ip/design_1_mig_7series_0_0/design_1_mig_7series_0_0/design_1_mig_7series_0_0_in_context.xdc, line 50).
Applied set_property CLOCK_BUFFER_TYPE = NONE for DDR2_0_dq[10]. (constraint file  /nfs/ug/homes-0/s/smithqu1/GitHub/research2018/ece532_sdk/lab4/tutorial_4/tutorial_4.srcs/sources_1/bd/design_1/ip/design_1_mig_7series_0_0/design_1_mig_7series_0_0/design_1_mig_7series_0_0_in_context.xdc, line 51).
Applied set_property IO_BUFFER_TYPE = NONE for DDR2_0_dq[11]. (constraint file  /nfs/ug/homes-0/s/smithqu1/GitHub/research2018/ece532_sdk/lab4/tutorial_4/tutorial_4.srcs/sources_1/bd/design_1/ip/design_1_mig_7series_0_0/design_1_mig_7series_0_0/design_1_mig_7series_0_0_in_context.xdc, line 52).
Applied set_property CLOCK_BUFFER_TYPE = NONE for DDR2_0_dq[11]. (constraint file  /nfs/ug/homes-0/s/smithqu1/GitHub/research2018/ece532_sdk/lab4/tutorial_4/tutorial_4.srcs/sources_1/bd/design_1/ip/design_1_mig_7series_0_0/design_1_mig_7series_0_0/design_1_mig_7series_0_0_in_context.xdc, line 53).
Applied set_property IO_BUFFER_TYPE = NONE for DDR2_0_dq[12]. (constraint file  /nfs/ug/homes-0/s/smithqu1/GitHub/research2018/ece532_sdk/lab4/tutorial_4/tutorial_4.srcs/sources_1/bd/design_1/ip/design_1_mig_7series_0_0/design_1_mig_7series_0_0/design_1_mig_7series_0_0_in_context.xdc, line 54).
Applied set_property CLOCK_BUFFER_TYPE = NONE for DDR2_0_dq[12]. (constraint file  /nfs/ug/homes-0/s/smithqu1/GitHub/research2018/ece532_sdk/lab4/tutorial_4/tutorial_4.srcs/sources_1/bd/design_1/ip/design_1_mig_7series_0_0/design_1_mig_7series_0_0/design_1_mig_7series_0_0_in_context.xdc, line 55).
Applied set_property IO_BUFFER_TYPE = NONE for DDR2_0_dq[13]. (constraint file  /nfs/ug/homes-0/s/smithqu1/GitHub/research2018/ece532_sdk/lab4/tutorial_4/tutorial_4.srcs/sources_1/bd/design_1/ip/design_1_mig_7series_0_0/design_1_mig_7series_0_0/design_1_mig_7series_0_0_in_context.xdc, line 56).
Applied set_property CLOCK_BUFFER_TYPE = NONE for DDR2_0_dq[13]. (constraint file  /nfs/ug/homes-0/s/smithqu1/GitHub/research2018/ece532_sdk/lab4/tutorial_4/tutorial_4.srcs/sources_1/bd/design_1/ip/design_1_mig_7series_0_0/design_1_mig_7series_0_0/design_1_mig_7series_0_0_in_context.xdc, line 57).
Applied set_property IO_BUFFER_TYPE = NONE for DDR2_0_dq[14]. (constraint file  /nfs/ug/homes-0/s/smithqu1/GitHub/research2018/ece532_sdk/lab4/tutorial_4/tutorial_4.srcs/sources_1/bd/design_1/ip/design_1_mig_7series_0_0/design_1_mig_7series_0_0/design_1_mig_7series_0_0_in_context.xdc, line 58).
Applied set_property CLOCK_BUFFER_TYPE = NONE for DDR2_0_dq[14]. (constraint file  /nfs/ug/homes-0/s/smithqu1/GitHub/research2018/ece532_sdk/lab4/tutorial_4/tutorial_4.srcs/sources_1/bd/design_1/ip/design_1_mig_7series_0_0/design_1_mig_7series_0_0/design_1_mig_7series_0_0_in_context.xdc, line 59).
Applied set_property IO_BUFFER_TYPE = NONE for DDR2_0_dq[15]. (constraint file  /nfs/ug/homes-0/s/smithqu1/GitHub/research2018/ece532_sdk/lab4/tutorial_4/tutorial_4.srcs/sources_1/bd/design_1/ip/design_1_mig_7series_0_0/design_1_mig_7series_0_0/design_1_mig_7series_0_0_in_context.xdc, line 60).
Applied set_property CLOCK_BUFFER_TYPE = NONE for DDR2_0_dq[15]. (constraint file  /nfs/ug/homes-0/s/smithqu1/GitHub/research2018/ece532_sdk/lab4/tutorial_4/tutorial_4.srcs/sources_1/bd/design_1/ip/design_1_mig_7series_0_0/design_1_mig_7series_0_0/design_1_mig_7series_0_0_in_context.xdc, line 61).
Applied set_property IO_BUFFER_TYPE = NONE for DDR2_0_dq[1]. (constraint file  /nfs/ug/homes-0/s/smithqu1/GitHub/research2018/ece532_sdk/lab4/tutorial_4/tutorial_4.srcs/sources_1/bd/design_1/ip/design_1_mig_7series_0_0/design_1_mig_7series_0_0/design_1_mig_7series_0_0_in_context.xdc, line 62).
Applied set_property CLOCK_BUFFER_TYPE = NONE for DDR2_0_dq[1]. (constraint file  /nfs/ug/homes-0/s/smithqu1/GitHub/research2018/ece532_sdk/lab4/tutorial_4/tutorial_4.srcs/sources_1/bd/design_1/ip/design_1_mig_7series_0_0/design_1_mig_7series_0_0/design_1_mig_7series_0_0_in_context.xdc, line 63).
Applied set_property IO_BUFFER_TYPE = NONE for DDR2_0_dq[2]. (constraint file  /nfs/ug/homes-0/s/smithqu1/GitHub/research2018/ece532_sdk/lab4/tutorial_4/tutorial_4.srcs/sources_1/bd/design_1/ip/design_1_mig_7series_0_0/design_1_mig_7series_0_0/design_1_mig_7series_0_0_in_context.xdc, line 64).
Applied set_property CLOCK_BUFFER_TYPE = NONE for DDR2_0_dq[2]. (constraint file  /nfs/ug/homes-0/s/smithqu1/GitHub/research2018/ece532_sdk/lab4/tutorial_4/tutorial_4.srcs/sources_1/bd/design_1/ip/design_1_mig_7series_0_0/design_1_mig_7series_0_0/design_1_mig_7series_0_0_in_context.xdc, line 65).
Applied set_property IO_BUFFER_TYPE = NONE for DDR2_0_dq[3]. (constraint file  /nfs/ug/homes-0/s/smithqu1/GitHub/research2018/ece532_sdk/lab4/tutorial_4/tutorial_4.srcs/sources_1/bd/design_1/ip/design_1_mig_7series_0_0/design_1_mig_7series_0_0/design_1_mig_7series_0_0_in_context.xdc, line 66).
Applied set_property CLOCK_BUFFER_TYPE = NONE for DDR2_0_dq[3]. (constraint file  /nfs/ug/homes-0/s/smithqu1/GitHub/research2018/ece532_sdk/lab4/tutorial_4/tutorial_4.srcs/sources_1/bd/design_1/ip/design_1_mig_7series_0_0/design_1_mig_7series_0_0/design_1_mig_7series_0_0_in_context.xdc, line 67).
Applied set_property IO_BUFFER_TYPE = NONE for DDR2_0_dq[4]. (constraint file  /nfs/ug/homes-0/s/smithqu1/GitHub/research2018/ece532_sdk/lab4/tutorial_4/tutorial_4.srcs/sources_1/bd/design_1/ip/design_1_mig_7series_0_0/design_1_mig_7series_0_0/design_1_mig_7series_0_0_in_context.xdc, line 68).
Applied set_property CLOCK_BUFFER_TYPE = NONE for DDR2_0_dq[4]. (constraint file  /nfs/ug/homes-0/s/smithqu1/GitHub/research2018/ece532_sdk/lab4/tutorial_4/tutorial_4.srcs/sources_1/bd/design_1/ip/design_1_mig_7series_0_0/design_1_mig_7series_0_0/design_1_mig_7series_0_0_in_context.xdc, line 69).
Applied set_property IO_BUFFER_TYPE = NONE for DDR2_0_dq[5]. (constraint file  /nfs/ug/homes-0/s/smithqu1/GitHub/research2018/ece532_sdk/lab4/tutorial_4/tutorial_4.srcs/sources_1/bd/design_1/ip/design_1_mig_7series_0_0/design_1_mig_7series_0_0/design_1_mig_7series_0_0_in_context.xdc, line 70).
Applied set_property CLOCK_BUFFER_TYPE = NONE for DDR2_0_dq[5]. (constraint file  /nfs/ug/homes-0/s/smithqu1/GitHub/research2018/ece532_sdk/lab4/tutorial_4/tutorial_4.srcs/sources_1/bd/design_1/ip/design_1_mig_7series_0_0/design_1_mig_7series_0_0/design_1_mig_7series_0_0_in_context.xdc, line 71).
Applied set_property IO_BUFFER_TYPE = NONE for DDR2_0_dq[6]. (constraint file  /nfs/ug/homes-0/s/smithqu1/GitHub/research2018/ece532_sdk/lab4/tutorial_4/tutorial_4.srcs/sources_1/bd/design_1/ip/design_1_mig_7series_0_0/design_1_mig_7series_0_0/design_1_mig_7series_0_0_in_context.xdc, line 72).
Applied set_property CLOCK_BUFFER_TYPE = NONE for DDR2_0_dq[6]. (constraint file  /nfs/ug/homes-0/s/smithqu1/GitHub/research2018/ece532_sdk/lab4/tutorial_4/tutorial_4.srcs/sources_1/bd/design_1/ip/design_1_mig_7series_0_0/design_1_mig_7series_0_0/design_1_mig_7series_0_0_in_context.xdc, line 73).
Applied set_property IO_BUFFER_TYPE = NONE for DDR2_0_dq[7]. (constraint file  /nfs/ug/homes-0/s/smithqu1/GitHub/research2018/ece532_sdk/lab4/tutorial_4/tutorial_4.srcs/sources_1/bd/design_1/ip/design_1_mig_7series_0_0/design_1_mig_7series_0_0/design_1_mig_7series_0_0_in_context.xdc, line 74).
Applied set_property CLOCK_BUFFER_TYPE = NONE for DDR2_0_dq[7]. (constraint file  /nfs/ug/homes-0/s/smithqu1/GitHub/research2018/ece532_sdk/lab4/tutorial_4/tutorial_4.srcs/sources_1/bd/design_1/ip/design_1_mig_7series_0_0/design_1_mig_7series_0_0/design_1_mig_7series_0_0_in_context.xdc, line 75).
Applied set_property IO_BUFFER_TYPE = NONE for DDR2_0_dq[8]. (constraint file  /nfs/ug/homes-0/s/smithqu1/GitHub/research2018/ece532_sdk/lab4/tutorial_4/tutorial_4.srcs/sources_1/bd/design_1/ip/design_1_mig_7series_0_0/design_1_mig_7series_0_0/design_1_mig_7series_0_0_in_context.xdc, line 76).
Applied set_property CLOCK_BUFFER_TYPE = NONE for DDR2_0_dq[8]. (constraint file  /nfs/ug/homes-0/s/smithqu1/GitHub/research2018/ece532_sdk/lab4/tutorial_4/tutorial_4.srcs/sources_1/bd/design_1/ip/design_1_mig_7series_0_0/design_1_mig_7series_0_0/design_1_mig_7series_0_0_in_context.xdc, line 77).
Applied set_property IO_BUFFER_TYPE = NONE for DDR2_0_dq[9]. (constraint file  /nfs/ug/homes-0/s/smithqu1/GitHub/research2018/ece532_sdk/lab4/tutorial_4/tutorial_4.srcs/sources_1/bd/design_1/ip/design_1_mig_7series_0_0/design_1_mig_7series_0_0/design_1_mig_7series_0_0_in_context.xdc, line 78).
Applied set_property CLOCK_BUFFER_TYPE = NONE for DDR2_0_dq[9]. (constraint file  /nfs/ug/homes-0/s/smithqu1/GitHub/research2018/ece532_sdk/lab4/tutorial_4/tutorial_4.srcs/sources_1/bd/design_1/ip/design_1_mig_7series_0_0/design_1_mig_7series_0_0/design_1_mig_7series_0_0_in_context.xdc, line 79).
Applied set_property IO_BUFFER_TYPE = NONE for DDR2_0_dqs_n[0]. (constraint file  /nfs/ug/homes-0/s/smithqu1/GitHub/research2018/ece532_sdk/lab4/tutorial_4/tutorial_4.srcs/sources_1/bd/design_1/ip/design_1_mig_7series_0_0/design_1_mig_7series_0_0/design_1_mig_7series_0_0_in_context.xdc, line 80).
Applied set_property CLOCK_BUFFER_TYPE = NONE for DDR2_0_dqs_n[0]. (constraint file  /nfs/ug/homes-0/s/smithqu1/GitHub/research2018/ece532_sdk/lab4/tutorial_4/tutorial_4.srcs/sources_1/bd/design_1/ip/design_1_mig_7series_0_0/design_1_mig_7series_0_0/design_1_mig_7series_0_0_in_context.xdc, line 81).
Applied set_property IO_BUFFER_TYPE = NONE for DDR2_0_dqs_n[1]. (constraint file  /nfs/ug/homes-0/s/smithqu1/GitHub/research2018/ece532_sdk/lab4/tutorial_4/tutorial_4.srcs/sources_1/bd/design_1/ip/design_1_mig_7series_0_0/design_1_mig_7series_0_0/design_1_mig_7series_0_0_in_context.xdc, line 82).
Applied set_property CLOCK_BUFFER_TYPE = NONE for DDR2_0_dqs_n[1]. (constraint file  /nfs/ug/homes-0/s/smithqu1/GitHub/research2018/ece532_sdk/lab4/tutorial_4/tutorial_4.srcs/sources_1/bd/design_1/ip/design_1_mig_7series_0_0/design_1_mig_7series_0_0/design_1_mig_7series_0_0_in_context.xdc, line 83).
Applied set_property IO_BUFFER_TYPE = NONE for DDR2_0_dqs_p[0]. (constraint file  /nfs/ug/homes-0/s/smithqu1/GitHub/research2018/ece532_sdk/lab4/tutorial_4/tutorial_4.srcs/sources_1/bd/design_1/ip/design_1_mig_7series_0_0/design_1_mig_7series_0_0/design_1_mig_7series_0_0_in_context.xdc, line 84).
Applied set_property CLOCK_BUFFER_TYPE = NONE for DDR2_0_dqs_p[0]. (constraint file  /nfs/ug/homes-0/s/smithqu1/GitHub/research2018/ece532_sdk/lab4/tutorial_4/tutorial_4.srcs/sources_1/bd/design_1/ip/design_1_mig_7series_0_0/design_1_mig_7series_0_0/design_1_mig_7series_0_0_in_context.xdc, line 85).
Applied set_property IO_BUFFER_TYPE = NONE for DDR2_0_dqs_p[1]. (constraint file  /nfs/ug/homes-0/s/smithqu1/GitHub/research2018/ece532_sdk/lab4/tutorial_4/tutorial_4.srcs/sources_1/bd/design_1/ip/design_1_mig_7series_0_0/design_1_mig_7series_0_0/design_1_mig_7series_0_0_in_context.xdc, line 86).
Applied set_property CLOCK_BUFFER_TYPE = NONE for DDR2_0_dqs_p[1]. (constraint file  /nfs/ug/homes-0/s/smithqu1/GitHub/research2018/ece532_sdk/lab4/tutorial_4/tutorial_4.srcs/sources_1/bd/design_1/ip/design_1_mig_7series_0_0/design_1_mig_7series_0_0/design_1_mig_7series_0_0_in_context.xdc, line 87).
Applied set_property IO_BUFFER_TYPE = NONE for DDR2_0_odt[0]. (constraint file  /nfs/ug/homes-0/s/smithqu1/GitHub/research2018/ece532_sdk/lab4/tutorial_4/tutorial_4.srcs/sources_1/bd/design_1/ip/design_1_mig_7series_0_0/design_1_mig_7series_0_0/design_1_mig_7series_0_0_in_context.xdc, line 88).
Applied set_property CLOCK_BUFFER_TYPE = NONE for DDR2_0_odt[0]. (constraint file  /nfs/ug/homes-0/s/smithqu1/GitHub/research2018/ece532_sdk/lab4/tutorial_4/tutorial_4.srcs/sources_1/bd/design_1/ip/design_1_mig_7series_0_0/design_1_mig_7series_0_0/design_1_mig_7series_0_0_in_context.xdc, line 89).
Applied set_property IO_BUFFER_TYPE = NONE for DDR2_0_ras_n. (constraint file  /nfs/ug/homes-0/s/smithqu1/GitHub/research2018/ece532_sdk/lab4/tutorial_4/tutorial_4.srcs/sources_1/bd/design_1/ip/design_1_mig_7series_0_0/design_1_mig_7series_0_0/design_1_mig_7series_0_0_in_context.xdc, line 90).
Applied set_property CLOCK_BUFFER_TYPE = NONE for DDR2_0_ras_n. (constraint file  /nfs/ug/homes-0/s/smithqu1/GitHub/research2018/ece532_sdk/lab4/tutorial_4/tutorial_4.srcs/sources_1/bd/design_1/ip/design_1_mig_7series_0_0/design_1_mig_7series_0_0/design_1_mig_7series_0_0_in_context.xdc, line 91).
Applied set_property IO_BUFFER_TYPE = NONE for DDR2_0_we_n. (constraint file  /nfs/ug/homes-0/s/smithqu1/GitHub/research2018/ece532_sdk/lab4/tutorial_4/tutorial_4.srcs/sources_1/bd/design_1/ip/design_1_mig_7series_0_0/design_1_mig_7series_0_0/design_1_mig_7series_0_0_in_context.xdc, line 92).
Applied set_property CLOCK_BUFFER_TYPE = NONE for DDR2_0_we_n. (constraint file  /nfs/ug/homes-0/s/smithqu1/GitHub/research2018/ece532_sdk/lab4/tutorial_4/tutorial_4.srcs/sources_1/bd/design_1/ip/design_1_mig_7series_0_0/design_1_mig_7series_0_0/design_1_mig_7series_0_0_in_context.xdc, line 93).
Applied set_property DONT_TOUCH = true for design_1_i. (constraint file  auto generated constraint, line ).
Applied set_property DONT_TOUCH = true for design_1_i/microblaze_0. (constraint file  auto generated constraint, line ).
Applied set_property DONT_TOUCH = true for design_1_i/mdm_1. (constraint file  auto generated constraint, line ).
Applied set_property DONT_TOUCH = true for design_1_i/clk_wiz_1. (constraint file  auto generated constraint, line ).
Applied set_property DONT_TOUCH = true for design_1_i/rst_clk_wiz_1_100M. (constraint file  auto generated constraint, line ).
Applied set_property DONT_TOUCH = true for design_1_i/axi_uartlite_0. (constraint file  auto generated constraint, line ).
Applied set_property DONT_TOUCH = true for design_1_i/mig_7series_0. (constraint file  auto generated constraint, line ).
Applied set_property DONT_TOUCH = true for design_1_i/microblaze_0_axi_periph. (constraint file  auto generated constraint, line ).
Applied set_property DONT_TOUCH = true for design_1_i/rst_mig_7series_0_81M. (constraint file  auto generated constraint, line ).
Applied set_property DONT_TOUCH = true for design_1_i/microblaze_0_axi_periph/xbar. (constraint file  auto generated constraint, line ).
Applied set_property DONT_TOUCH = true for design_1_i/microblaze_0_axi_periph/m01_couplers/auto_cc. (constraint file  auto generated constraint, line ).
Applied set_property DONT_TOUCH = true for design_1_i/microblaze_0_axi_periph/m01_couplers/auto_pc. (constraint file  auto generated constraint, line ).
Applied set_property DONT_TOUCH = true for design_1_i/microblaze_0_axi_periph/m00_couplers/auto_ds. (constraint file  auto generated constraint, line ).
Applied set_property DONT_TOUCH = true for design_1_i/microblaze_0_axi_periph/s00_couplers/auto_us. (constraint file  auto generated constraint, line ).
Applied set_property DONT_TOUCH = true for design_1_i/microblaze_0_local_memory/dlmb_v10. (constraint file  auto generated constraint, line ).
Applied set_property DONT_TOUCH = true for design_1_i/microblaze_0_local_memory/ilmb_v10. (constraint file  auto generated constraint, line ).
Applied set_property DONT_TOUCH = true for design_1_i/microblaze_0_local_memory/dlmb_bram_if_cntlr. (constraint file  auto generated constraint, line ).
Applied set_property DONT_TOUCH = true for design_1_i/microblaze_0_local_memory/ilmb_bram_if_cntlr. (constraint file  auto generated constraint, line ).
Applied set_property DONT_TOUCH = true for design_1_i/microblaze_0_local_memory/lmb_bram. (constraint file  auto generated constraint, line ).
---------------------------------------------------------------------------------
Finished applying 'set_property' XDC Constraints : Time (s): cpu = 00:00:21 ; elapsed = 00:00:34 . Memory (MB): peak = 1758.621 ; gain = 257.352 ; free physical = 2530 ; free virtual = 35376
---------------------------------------------------------------------------------
---------------------------------------------------------------------------------
Finished RTL Optimization Phase 2 : Time (s): cpu = 00:00:21 ; elapsed = 00:00:34 . Memory (MB): peak = 1758.621 ; gain = 257.352 ; free physical = 2530 ; free virtual = 35377
---------------------------------------------------------------------------------

Report RTL Partitions: 
+-+--------------+------------+----------+
| |RTL Partition |Replication |Instances |
+-+--------------+------------+----------+
+-+--------------+------------+----------+
---------------------------------------------------------------------------------
Start RTL Component Statistics 
---------------------------------------------------------------------------------
Detailed RTL Component Info : 
---------------------------------------------------------------------------------
Finished RTL Component Statistics 
---------------------------------------------------------------------------------
---------------------------------------------------------------------------------
Start RTL Hierarchical Component Statistics 
---------------------------------------------------------------------------------
Hierarchical RTL Component report 
---------------------------------------------------------------------------------
Finished RTL Hierarchical Component Statistics
---------------------------------------------------------------------------------
---------------------------------------------------------------------------------
Start Part Resource Summary
---------------------------------------------------------------------------------
Part Resources:
DSPs: 240 (col length:80)
BRAMs: 270 (col length: RAMB18 80 RAMB36 40)
---------------------------------------------------------------------------------
Finished Part Resource Summary
---------------------------------------------------------------------------------
---------------------------------------------------------------------------------
Start Cross Boundary and Area Optimization
---------------------------------------------------------------------------------
Warning: Parallel synthesis criteria is not met 
WARNING: [Synth 8-3331] design design_1_microblaze_0_axi_periph_1 has unconnected port M00_ACLK
WARNING: [Synth 8-3331] design design_1_microblaze_0_axi_periph_1 has unconnected port M00_ARESETN
---------------------------------------------------------------------------------
Finished Cross Boundary and Area Optimization : Time (s): cpu = 00:00:21 ; elapsed = 00:00:34 . Memory (MB): peak = 1758.621 ; gain = 257.352 ; free physical = 2519 ; free virtual = 35368
---------------------------------------------------------------------------------

Report RTL Partitions: 
+-+--------------+------------+----------+
| |RTL Partition |Replication |Instances |
+-+--------------+------------+----------+
+-+--------------+------------+----------+
---------------------------------------------------------------------------------
Start Applying XDC Timing Constraints
---------------------------------------------------------------------------------
INFO: [Synth 8-5578] Moved timing constraint from pin 'design_1_i/mdm_1/Dbg_Clk_0' to pin 'design_1_i/mdm_1/bbstub_Dbg_Clk_0/O'
INFO: [Synth 8-5578] Moved timing constraint from pin 'design_1_i/mdm_1/Dbg_Update_0' to pin 'design_1_i/mdm_1/bbstub_Dbg_Update_0/O'
INFO: [Synth 8-5578] Moved timing constraint from pin 'design_1_i/clk_wiz_1/clk_out1' to pin 'design_1_i/clk_wiz_1/bbstub_clk_out1/O'
INFO: [Synth 8-5578] Moved timing constraint from pin 'design_1_i/clk_wiz_1/clk_out2' to pin 'design_1_i/clk_wiz_1/bbstub_clk_out2/O'
INFO: [Synth 8-5578] Moved timing constraint from pin 'design_1_i/mig_7series_0/ui_clk' to pin 'design_1_i/mig_7series_0/bbstub_ui_clk/O'
INFO: [Synth 8-5578] Moved timing constraint from pin 'design_1_i/microblaze_0_local_memory/dlmb_bram_if_cntlr/BRAM_Clk_A' to pin 'design_1_i/microblaze_0_local_memory/dlmb_bram_if_cntlr/bbstub_BRAM_Clk_A/O'
INFO: [Synth 8-5578] Moved timing constraint from pin 'design_1_i/microblaze_0_local_memory/ilmb_bram_if_cntlr/BRAM_Clk_A' to pin 'design_1_i/microblaze_0_local_memory/ilmb_bram_if_cntlr/bbstub_BRAM_Clk_A/O'
INFO: [Synth 8-5819] Moved 7 constraints on hierarchical pins to their respective driving/loading pins
---------------------------------------------------------------------------------
Finished Applying XDC Timing Constraints : Time (s): cpu = 00:00:26 ; elapsed = 00:00:42 . Memory (MB): peak = 1758.621 ; gain = 257.352 ; free physical = 2463 ; free virtual = 35306
---------------------------------------------------------------------------------
---------------------------------------------------------------------------------
Start Timing Optimization
---------------------------------------------------------------------------------
---------------------------------------------------------------------------------
Finished Timing Optimization : Time (s): cpu = 00:00:26 ; elapsed = 00:00:42 . Memory (MB): peak = 1758.621 ; gain = 257.352 ; free physical = 2463 ; free virtual = 35306
---------------------------------------------------------------------------------

Report RTL Partitions: 
+-+--------------+------------+----------+
| |RTL Partition |Replication |Instances |
+-+--------------+------------+----------+
+-+--------------+------------+----------+
---------------------------------------------------------------------------------
Start Technology Mapping
---------------------------------------------------------------------------------
---------------------------------------------------------------------------------
Finished Technology Mapping : Time (s): cpu = 00:00:26 ; elapsed = 00:00:42 . Memory (MB): peak = 1758.621 ; gain = 257.352 ; free physical = 2463 ; free virtual = 35306
---------------------------------------------------------------------------------

Report RTL Partitions: 
+-+--------------+------------+----------+
| |RTL Partition |Replication |Instances |
+-+--------------+------------+----------+
+-+--------------+------------+----------+
---------------------------------------------------------------------------------
Start IO Insertion
---------------------------------------------------------------------------------
---------------------------------------------------------------------------------
Start Flattening Before IO Insertion
---------------------------------------------------------------------------------
---------------------------------------------------------------------------------
Finished Flattening Before IO Insertion
---------------------------------------------------------------------------------
---------------------------------------------------------------------------------
Start Final Netlist Cleanup
---------------------------------------------------------------------------------
---------------------------------------------------------------------------------
Finished Final Netlist Cleanup
---------------------------------------------------------------------------------
---------------------------------------------------------------------------------
Finished IO Insertion : Time (s): cpu = 00:00:27 ; elapsed = 00:00:42 . Memory (MB): peak = 1758.621 ; gain = 257.352 ; free physical = 2463 ; free virtual = 35306
---------------------------------------------------------------------------------

Report Check Netlist: 
+------+------------------+-------+---------+-------+------------------+
|      |Item              |Errors |Warnings |Status |Description       |
+------+------------------+-------+---------+-------+------------------+
|1     |multi_driven_nets |      0|        0|Passed |Multi driven nets |
+------+------------------+-------+---------+-------+------------------+
---------------------------------------------------------------------------------
Start Renaming Generated Instances
---------------------------------------------------------------------------------
---------------------------------------------------------------------------------
Finished Renaming Generated Instances : Time (s): cpu = 00:00:27 ; elapsed = 00:00:42 . Memory (MB): peak = 1758.621 ; gain = 257.352 ; free physical = 2463 ; free virtual = 35306
---------------------------------------------------------------------------------

Report RTL Partitions: 
+-+--------------+------------+----------+
| |RTL Partition |Replication |Instances |
+-+--------------+------------+----------+
+-+--------------+------------+----------+
---------------------------------------------------------------------------------
Start Rebuilding User Hierarchy
---------------------------------------------------------------------------------
---------------------------------------------------------------------------------
Finished Rebuilding User Hierarchy : Time (s): cpu = 00:00:27 ; elapsed = 00:00:42 . Memory (MB): peak = 1758.621 ; gain = 257.352 ; free physical = 2463 ; free virtual = 35306
---------------------------------------------------------------------------------
---------------------------------------------------------------------------------
Start Renaming Generated Ports
---------------------------------------------------------------------------------
---------------------------------------------------------------------------------
Finished Renaming Generated Ports : Time (s): cpu = 00:00:27 ; elapsed = 00:00:42 . Memory (MB): peak = 1758.621 ; gain = 257.352 ; free physical = 2463 ; free virtual = 35306
---------------------------------------------------------------------------------
---------------------------------------------------------------------------------
Start Handling Custom Attributes
---------------------------------------------------------------------------------
---------------------------------------------------------------------------------
Finished Handling Custom Attributes : Time (s): cpu = 00:00:27 ; elapsed = 00:00:42 . Memory (MB): peak = 1758.621 ; gain = 257.352 ; free physical = 2463 ; free virtual = 35306
---------------------------------------------------------------------------------
---------------------------------------------------------------------------------
Start Renaming Generated Nets
---------------------------------------------------------------------------------
---------------------------------------------------------------------------------
Finished Renaming Generated Nets : Time (s): cpu = 00:00:27 ; elapsed = 00:00:42 . Memory (MB): peak = 1758.621 ; gain = 257.352 ; free physical = 2463 ; free virtual = 35306
---------------------------------------------------------------------------------
---------------------------------------------------------------------------------
Start Writing Synthesis Report
---------------------------------------------------------------------------------

Report BlackBoxes: 
+------+---------------------------------+----------+
|      |BlackBox name                    |Instances |
+------+---------------------------------+----------+
|1     |design_1_xbar_0                  |         1|
|2     |design_1_auto_ds_0               |         1|
|3     |design_1_auto_cc_0               |         1|
|4     |design_1_auto_pc_0               |         1|
|5     |design_1_auto_us_0               |         1|
|6     |design_1_axi_uartlite_0_0        |         1|
|7     |design_1_clk_wiz_1_0             |         1|
|8     |design_1_mdm_1_0                 |         1|
|9     |design_1_microblaze_0_0          |         1|
|10    |design_1_mig_7series_0_0         |         1|
|11    |design_1_rst_clk_wiz_1_100M_0    |         1|
|12    |design_1_rst_mig_7series_0_81M_1 |         1|
|13    |design_1_dlmb_bram_if_cntlr_0    |         1|
|14    |design_1_dlmb_v10_0              |         1|
|15    |design_1_ilmb_bram_if_cntlr_0    |         1|
|16    |design_1_ilmb_v10_0              |         1|
|17    |design_1_lmb_bram_0              |         1|
+------+---------------------------------+----------+

Report Cell Usage: 
+------+---------------------------------+------+
|      |Cell                             |Count |
+------+---------------------------------+------+
|1     |design_1_auto_cc_0               |     1|
|2     |design_1_auto_ds_0               |     1|
|3     |design_1_auto_pc_0               |     1|
|4     |design_1_auto_us_0               |     1|
|5     |design_1_axi_uartlite_0_0        |     1|
|6     |design_1_clk_wiz_1_0             |     1|
|7     |design_1_dlmb_bram_if_cntlr_0    |     1|
|8     |design_1_dlmb_v10_0              |     1|
|9     |design_1_ilmb_bram_if_cntlr_0    |     1|
|10    |design_1_ilmb_v10_0              |     1|
|11    |design_1_lmb_bram_0              |     1|
|12    |design_1_mdm_1_0                 |     1|
|13    |design_1_microblaze_0_0          |     1|
|14    |design_1_mig_7series_0_0         |     1|
|15    |design_1_rst_clk_wiz_1_100M_0    |     1|
|16    |design_1_rst_mig_7series_0_81M_1 |     1|
|17    |design_1_xbar_0                  |     1|
|18    |IBUF                             |     2|
|19    |OBUF                             |     1|
+------+---------------------------------+------+

Report Instance Areas: 
+------+------------------------------+--------------------------------------+------+
|      |Instance                      |Module                                |Cells |
+------+------------------------------+--------------------------------------+------+
|1     |top                           |                                      |  2131|
|2     |  design_1_i                  |design_1                              |  2128|
|3     |    microblaze_0_axi_periph   |design_1_microblaze_0_axi_periph_1    |  1232|
|4     |      m00_couplers            |m00_couplers_imp_8RVYHO               |   184|
|5     |      m01_couplers            |m01_couplers_imp_1UTB3Y5              |   493|
|6     |      s00_couplers            |s00_couplers_imp_1RZP34U              |   188|
|7     |    microblaze_0_local_memory |microblaze_0_local_memory_imp_1K0VQXK |   496|
+------+------------------------------+--------------------------------------+------+
---------------------------------------------------------------------------------
Finished Writing Synthesis Report : Time (s): cpu = 00:00:27 ; elapsed = 00:00:42 . Memory (MB): peak = 1758.621 ; gain = 257.352 ; free physical = 2463 ; free virtual = 35306
---------------------------------------------------------------------------------
Synthesis finished with 0 errors, 0 critical warnings and 2 warnings.
Synthesis Optimization Runtime : Time (s): cpu = 00:00:21 ; elapsed = 00:00:25 . Memory (MB): peak = 1758.621 ; gain = 0.000 ; free physical = 2519 ; free virtual = 35362
Synthesis Optimization Complete : Time (s): cpu = 00:00:27 ; elapsed = 00:00:43 . Memory (MB): peak = 1758.621 ; gain = 257.352 ; free physical = 2528 ; free virtual = 35371
INFO: [Project 1-571] Translating synthesized netlist
INFO: [Netlist 29-17] Analyzing 2 Unisim elements for replacement
INFO: [Netlist 29-28] Unisim Transformation completed in 0 CPU seconds
INFO: [Project 1-570] Preparing netlist for logic optimization
INFO: [Opt 31-138] Pushed 0 inverter(s) to 0 load pin(s).
INFO: [Project 1-111] Unisim Transformation Summary:
No Unisim elements were transformed.

INFO: [Common 17-83] Releasing license: Synthesis
70 Infos, 17 Warnings, 0 Critical Warnings and 0 Errors encountered.
synth_design completed successfully
synth_design: Time (s): cpu = 00:00:29 ; elapsed = 00:00:45 . Memory (MB): peak = 1758.621 ; gain = 465.453 ; free physical = 2505 ; free virtual = 35348
INFO: [Common 17-1381] The checkpoint '/nfs/ug/homes-0/s/smithqu1/GitHub/research2018/ece532_sdk/lab4/tutorial_4/tutorial_4.runs/synth_1/design_1_wrapper.dcp' has been generated.
INFO: [runtcl-4] Executing : report_utilization -file design_1_wrapper_utilization_synth.rpt -pb design_1_wrapper_utilization_synth.pb
report_utilization: Time (s): cpu = 00:00:00.05 ; elapsed = 00:00:00.08 . Memory (MB): peak = 1758.621 ; gain = 0.000 ; free physical = 2506 ; free virtual = 35349
INFO: [Common 17-206] Exiting Vivado at Tue May  1 14:14:03 2018...
