#-----------------------------------------------------------
# Webtalk v2018.1 (64-bit)
# SW Build 2188600 on Wed Apr  4 18:39:19 MDT 2018
# 
# Start of session at: Mon Apr 30 17:00:45 2018
# Process ID: 29854
# Current directory: /nfs/ug/homes-0/s/smithqu1/GitHub/research2018/ece532_sdk/lab2/tutorial2/tutorial_2/tutorial_2.sdk/webtalk
# Command line: wbtcv -mode batch -source sdk_webtalk.tcl
# Log file: /nfs/ug/homes-0/s/smithqu1/GitHub/research2018/ece532_sdk/lab2/tutorial2/tutorial_2/tutorial_2.sdk/webtalk/webtalk.log
# Journal file: /nfs/ug/homes-0/s/smithqu1/GitHub/research2018/ece532_sdk/lab2/tutorial2/tutorial_2/tutorial_2.sdk/webtalk/webtalk.jou
#-----------------------------------------------------------
source sdk_webtalk.tcl
# webtalk_init -webtalk_dir /nfs/ug/homes-0/s/smithqu1/GitHub/research2018/ece532_sdk/lab2/tutorial2/tutorial_2/tutorial_2.sdk/webtalk
# webtalk_register_client -client project
# webtalk_add_data -client project -key date_generated -value "2018-04-30 17:00:44" -context "software_version_and_target_device"
# webtalk_add_data -client project -key product_version -value "SDK v2018.1" -context "software_version_and_target_device"
# webtalk_add_data -client project -key build_version -value "2018.1" -context "software_version_and_target_device"
# webtalk_add_data -client project -key os_platform -value "amd64" -context "software_version_and_target_device"
# webtalk_add_data -client project -key registration_id -value "" -context "software_version_and_target_device"
# webtalk_add_data -client project -key tool_flow -value "SDK" -context "software_version_and_target_device"
# webtalk_add_data -client project -key beta -value "false" -context "software_version_and_target_device"
# webtalk_add_data -client project -key route_design -value "NA" -context "software_version_and_target_device"
# webtalk_add_data -client project -key target_family -value "NA" -context "software_version_and_target_device"
# webtalk_add_data -client project -key target_device -value "NA" -context "software_version_and_target_device"
# webtalk_add_data -client project -key target_package -value "NA" -context "software_version_and_target_device"
# webtalk_add_data -client project -key target_speed -value "NA" -context "software_version_and_target_device"
# webtalk_add_data -client project -key random_id -value "fv2u2j195fg275q4047vn4i62m" -context "software_version_and_target_device"
# webtalk_add_data -client project -key project_id -value "2018.1_1" -context "software_version_and_target_device"
# webtalk_add_data -client project -key project_iteration -value "1" -context "software_version_and_target_device"
# webtalk_add_data -client project -key os_name -value "Debian" -context "user_environment"
# webtalk_add_data -client project -key os_release -value "Debian GNU/Linux 9.4 (stretch)" -context "user_environment"
# webtalk_add_data -client project -key cpu_name -value "Intel(R) Core(TM) i7-4790 CPU @ 3.60GHz" -context "user_environment"
# webtalk_add_data -client project -key cpu_speed -value "3712.939 MHz" -context "user_environment"
# webtalk_add_data -client project -key total_processors -value "1" -context "user_environment"
# webtalk_add_data -client project -key system_ram -value "16.734 GB" -context "user_environment"
# webtalk_register_client -client sdk
# webtalk_add_data -client sdk -key uid -value "1525121180000" -context "sdk\\\\hardware/1525121180000"
# webtalk_add_data -client sdk -key isZynq -value "false" -context "sdk\\\\hardware/1525121180000"
# webtalk_add_data -client sdk -key isZynqMP -value "false" -context "sdk\\\\hardware/1525121180000"
# webtalk_add_data -client sdk -key Processors -value "1" -context "sdk\\\\hardware/1525121180000"
# webtalk_add_data -client sdk -key VivadoVersion -value "2018.1" -context "sdk\\\\hardware/1525121180000"
# webtalk_add_data -client sdk -key Arch -value "artix7" -context "sdk\\\\hardware/1525121180000"
# webtalk_add_data -client sdk -key Device -value "7a100t" -context "sdk\\\\hardware/1525121180000"
# webtalk_add_data -client sdk -key IsHandoff -value "true" -context "sdk\\\\hardware/1525121180000"
# webtalk_add_data -client sdk -key os -value "NA" -context "sdk\\\\hardware/1525121180000"
# webtalk_add_data -client sdk -key apptemplate -value "NA" -context "sdk\\\\hardware/1525121180000"
# webtalk_add_data -client sdk -key RecordType -value "HWCreation" -context "sdk\\\\hardware/1525121180000"
# webtalk_add_data -client sdk -key uid -value "1525121393000" -context "sdk\\\\bsp/1525121393000"
# webtalk_add_data -client sdk -key hwid -value "1525121180000" -context "sdk\\\\bsp/1525121393000"
# webtalk_add_data -client sdk -key os -value "standalone" -context "sdk\\\\bsp/1525121393000"
# webtalk_add_data -client sdk -key apptemplate -value "hello_world" -context "sdk\\\\bsp/1525121393000"
# webtalk_add_data -client sdk -key RecordType -value "BSPCreation" -context "sdk\\\\bsp/1525121393000"
# webtalk_add_data -client sdk -key uid -value "1525121407000" -context "sdk\\\\application/1525121407000"
# webtalk_add_data -client sdk -key hwid -value "1525121180000" -context "sdk\\\\application/1525121407000"
# webtalk_add_data -client sdk -key bspid -value "1525121393000" -context "sdk\\\\application/1525121407000"
# webtalk_add_data -client sdk -key newbsp -value "true" -context "sdk\\\\application/1525121407000"
# webtalk_add_data -client sdk -key os -value "standalone" -context "sdk\\\\application/1525121407000"
# webtalk_add_data -client sdk -key apptemplate -value "hello_world" -context "sdk\\\\application/1525121407000"
# webtalk_add_data -client sdk -key RecordType -value "APPCreation" -context "sdk\\\\application/1525121407000"
# webtalk_add_data -client sdk -key LangUsed -value "C" -context "sdk\\\\application/1525121407000"
# webtalk_add_data -client sdk -key Procused -value "microblaze" -context "sdk\\\\application/1525121407000"
# webtalk_add_data -client sdk -key projSize -value "84.34765625" -context "sdk\\\\application/1525121407000"
# webtalk_add_data -client sdk -key uid -value "NA" -context "sdk\\\\bsp/1525122044096"
# webtalk_add_data -client sdk -key RecordType -value "ToolUsage" -context "sdk\\\\bsp/1525122044096"
# webtalk_add_data -client sdk -key BootgenCount -value "0" -context "sdk\\\\bsp/1525122044096"
# webtalk_add_data -client sdk -key DebugCount -value "0" -context "sdk\\\\bsp/1525122044096"
# webtalk_add_data -client sdk -key PerfCount -value "0" -context "sdk\\\\bsp/1525122044096"
# webtalk_add_data -client sdk -key FlashCount -value "0" -context "sdk\\\\bsp/1525122044096"
# webtalk_add_data -client sdk -key CrossTriggCount -value "0" -context "sdk\\\\bsp/1525122044096"
# webtalk_add_data -client sdk -key QemuDebugCount -value "0" -context "sdk\\\\bsp/1525122044096"
# webtalk_transmit -clientid 801024682 -regid "" -xml /nfs/ug/homes-0/s/smithqu1/GitHub/research2018/ece532_sdk/lab2/tutorial2/tutorial_2/tutorial_2.sdk/webtalk/usage_statistics_ext_sdk.xml -html /nfs/ug/homes-0/s/smithqu1/GitHub/research2018/ece532_sdk/lab2/tutorial2/tutorial_2/tutorial_2.sdk/webtalk/usage_statistics_ext_sdk.html -wdm /nfs/ug/homes-0/s/smithqu1/GitHub/research2018/ece532_sdk/lab2/tutorial2/tutorial_2/tutorial_2.sdk/webtalk/sdk_webtalk.wdm -intro "<H3>SDK Usage Report</H3><BR>"
# webtalk_terminate
INFO: [Common 17-206] Exiting Webtalk at Mon Apr 30 17:00:45 2018...
