14:22:32 INFO  : Registering command handlers for SDK TCF services
14:22:35 INFO  : Launching XSCT server: xsct -n -interactive /nfs/ug/homes-0/s/smithqu1/GitHub/research2018/ece532_sdk/lab4/tutorial_4/tutorial_4.sdk/temp_xsdb_launch_script.tcl
14:22:37 INFO  : XSCT server has started successfully.
14:22:37 INFO  : Successfully done setting XSCT server connection channel  
14:22:41 INFO  : Successfully done setting SDK workspace  
14:22:41 INFO  : Processing command line option -hwspec /nfs/ug/homes-0/s/smithqu1/GitHub/research2018/ece532_sdk/lab4/tutorial_4/tutorial_4.sdk/design_1_wrapper.hdf.
14:26:44 INFO  : Connected to target on host '127.0.0.1' and port '3121'.
14:26:44 INFO  : 'targets -set -filter {jtag_cable_name =~ "Digilent Nexys4DDR 210292646036A" && level==0} -index 0' command is executed.
14:26:47 INFO  : FPGA configured successfully with bitstream "/nfs/ug/homes-0/s/smithqu1/GitHub/research2018/ece532_sdk/lab4/tutorial_4/tutorial_4.sdk/design_1_wrapper_hw_platform_0/download.bit"
14:28:06 INFO  : Connected to target on host '127.0.0.1' and port '3121'.
14:28:06 INFO  : Jtag cable 'Digilent Nexys4DDR 210292646036A' is selected.
14:28:06 INFO  : 'jtag frequency' command is executed.
14:28:07 INFO  : 'targets -set -filter {jtag_cable_name =~ "Digilent Nexys4DDR 210292646036A" && level==0} -index 0' command is executed.
14:28:09 INFO  : FPGA configured successfully with bitstream "/nfs/ug/homes-0/s/smithqu1/GitHub/research2018/ece532_sdk/lab4/tutorial_4/tutorial_4.sdk/design_1_wrapper_hw_platform_0/design_1_wrapper.bit"
14:28:09 INFO  : 'configparams mdm-detect-bscan-mask 2' command is executed.
14:28:09 INFO  : Context for processor 'microblaze_0' is selected.
14:28:09 INFO  : Processor reset is completed for 'microblaze_0'.
14:28:09 INFO  : Context for processor 'microblaze_0' is selected.
14:28:09 INFO  : The application '/nfs/ug/homes-0/s/smithqu1/GitHub/research2018/ece532_sdk/lab4/tutorial_4/tutorial_4.sdk/tutorial_4_sdk/Debug/tutorial_4_sdk.elf' is downloaded to processor 'microblaze_0'.
14:28:09 INFO  : ----------------XSDB Script----------------
connect -url tcp:127.0.0.1:3121
targets -set -filter {jtag_cable_name =~ "Digilent Nexys4DDR 210292646036A" && level==0} -index 0
fpga -file /nfs/ug/homes-0/s/smithqu1/GitHub/research2018/ece532_sdk/lab4/tutorial_4/tutorial_4.sdk/design_1_wrapper_hw_platform_0/design_1_wrapper.bit
configparams mdm-detect-bscan-mask 2
targets -set -nocase -filter {name =~ "microblaze*#0" && bscan=="USER2"  && jtag_cable_name =~ "Digilent Nexys4DDR 210292646036A"} -index 0
rst -processor
targets -set -nocase -filter {name =~ "microblaze*#0" && bscan=="USER2"  && jtag_cable_name =~ "Digilent Nexys4DDR 210292646036A"} -index 0
dow /nfs/ug/homes-0/s/smithqu1/GitHub/research2018/ece532_sdk/lab4/tutorial_4/tutorial_4.sdk/tutorial_4_sdk/Debug/tutorial_4_sdk.elf
----------------End of Script----------------

14:28:09 INFO  : Context for processor 'microblaze_0' is selected.
14:28:09 INFO  : 'con' command is executed.
14:28:09 INFO  : ----------------XSDB Script (After Launch)----------------
targets -set -nocase -filter {name =~ "microblaze*#0" && bscan=="USER2"  && jtag_cable_name =~ "Digilent Nexys4DDR 210292646036A"} -index 0
con
----------------End of Script----------------

14:28:09 INFO  : Disconnected from the channel tcfchan#1.
14:31:44 INFO  : Connected to target on host '127.0.0.1' and port '3121'.
14:31:44 INFO  : Jtag cable 'Digilent Nexys4DDR 210292646036A' is selected.
14:31:44 INFO  : 'jtag frequency' command is executed.
14:31:44 INFO  : 'targets -set -filter {jtag_cable_name =~ "Digilent Nexys4DDR 210292646036A" && level==0} -index 0' command is executed.
14:31:47 INFO  : FPGA configured successfully with bitstream "/nfs/ug/homes-0/s/smithqu1/GitHub/research2018/ece532_sdk/lab4/tutorial_4/tutorial_4.sdk/design_1_wrapper_hw_platform_0/design_1_wrapper.bit"
14:31:47 INFO  : 'configparams mdm-detect-bscan-mask 2' command is executed.
14:31:47 INFO  : Context for processor 'microblaze_0' is selected.
14:31:47 INFO  : Processor reset is completed for 'microblaze_0'.
14:31:47 INFO  : Context for processor 'microblaze_0' is selected.
14:31:47 INFO  : The application '/nfs/ug/homes-0/s/smithqu1/GitHub/research2018/ece532_sdk/lab4/tutorial_4/tutorial_4.sdk/tutorial_4_sdk/Debug/tutorial_4_sdk.elf' is downloaded to processor 'microblaze_0'.
14:31:47 INFO  : ----------------XSDB Script----------------
connect -url tcp:127.0.0.1:3121
targets -set -filter {jtag_cable_name =~ "Digilent Nexys4DDR 210292646036A" && level==0} -index 0
fpga -file /nfs/ug/homes-0/s/smithqu1/GitHub/research2018/ece532_sdk/lab4/tutorial_4/tutorial_4.sdk/design_1_wrapper_hw_platform_0/design_1_wrapper.bit
configparams mdm-detect-bscan-mask 2
targets -set -nocase -filter {name =~ "microblaze*#0" && bscan=="USER2"  && jtag_cable_name =~ "Digilent Nexys4DDR 210292646036A"} -index 0
rst -processor
targets -set -nocase -filter {name =~ "microblaze*#0" && bscan=="USER2"  && jtag_cable_name =~ "Digilent Nexys4DDR 210292646036A"} -index 0
dow /nfs/ug/homes-0/s/smithqu1/GitHub/research2018/ece532_sdk/lab4/tutorial_4/tutorial_4.sdk/tutorial_4_sdk/Debug/tutorial_4_sdk.elf
----------------End of Script----------------

14:31:47 INFO  : Context for processor 'microblaze_0' is selected.
14:31:47 INFO  : 'con' command is executed.
14:31:47 INFO  : ----------------XSDB Script (After Launch)----------------
targets -set -nocase -filter {name =~ "microblaze*#0" && bscan=="USER2"  && jtag_cable_name =~ "Digilent Nexys4DDR 210292646036A"} -index 0
con
----------------End of Script----------------

14:31:47 INFO  : Disconnected from the channel tcfchan#2.
14:32:39 INFO  : Connected to target on host '127.0.0.1' and port '3121'.
14:32:39 INFO  : Jtag cable 'Digilent Nexys4DDR 210292646036A' is selected.
14:32:39 INFO  : 'jtag frequency' command is executed.
14:32:39 INFO  : 'targets -set -filter {jtag_cable_name =~ "Digilent Nexys4DDR 210292646036A" && level==0} -index 0' command is executed.
14:32:41 INFO  : FPGA configured successfully with bitstream "/nfs/ug/homes-0/s/smithqu1/GitHub/research2018/ece532_sdk/lab4/tutorial_4/tutorial_4.sdk/design_1_wrapper_hw_platform_0/design_1_wrapper.bit"
14:32:41 INFO  : 'configparams mdm-detect-bscan-mask 2' command is executed.
14:32:41 INFO  : Context for processor 'microblaze_0' is selected.
14:32:41 INFO  : Processor reset is completed for 'microblaze_0'.
14:32:41 INFO  : Context for processor 'microblaze_0' is selected.
14:32:41 INFO  : The application '/nfs/ug/homes-0/s/smithqu1/GitHub/research2018/ece532_sdk/lab4/tutorial_4/tutorial_4.sdk/tutorial_4_sdk/Debug/tutorial_4_sdk.elf' is downloaded to processor 'microblaze_0'.
14:32:41 INFO  : ----------------XSDB Script----------------
connect -url tcp:127.0.0.1:3121
targets -set -filter {jtag_cable_name =~ "Digilent Nexys4DDR 210292646036A" && level==0} -index 0
fpga -file /nfs/ug/homes-0/s/smithqu1/GitHub/research2018/ece532_sdk/lab4/tutorial_4/tutorial_4.sdk/design_1_wrapper_hw_platform_0/design_1_wrapper.bit
configparams mdm-detect-bscan-mask 2
targets -set -nocase -filter {name =~ "microblaze*#0" && bscan=="USER2"  && jtag_cable_name =~ "Digilent Nexys4DDR 210292646036A"} -index 0
rst -processor
targets -set -nocase -filter {name =~ "microblaze*#0" && bscan=="USER2"  && jtag_cable_name =~ "Digilent Nexys4DDR 210292646036A"} -index 0
dow /nfs/ug/homes-0/s/smithqu1/GitHub/research2018/ece532_sdk/lab4/tutorial_4/tutorial_4.sdk/tutorial_4_sdk/Debug/tutorial_4_sdk.elf
----------------End of Script----------------

14:32:42 INFO  : Context for processor 'microblaze_0' is selected.
14:32:42 INFO  : 'con' command is executed.
14:32:42 INFO  : ----------------XSDB Script (After Launch)----------------
targets -set -nocase -filter {name =~ "microblaze*#0" && bscan=="USER2"  && jtag_cable_name =~ "Digilent Nexys4DDR 210292646036A"} -index 0
con
----------------End of Script----------------

14:32:42 INFO  : Disconnected from the channel tcfchan#3.
14:32:54 INFO  : Connected to target on host '127.0.0.1' and port '3121'.
14:32:54 INFO  : Jtag cable 'Digilent Nexys4DDR 210292646036A' is selected.
14:32:54 INFO  : 'jtag frequency' command is executed.
14:32:54 INFO  : 'targets -set -filter {jtag_cable_name =~ "Digilent Nexys4DDR 210292646036A" && level==0} -index 0' command is executed.
14:32:56 INFO  : FPGA configured successfully with bitstream "/nfs/ug/homes-0/s/smithqu1/GitHub/research2018/ece532_sdk/lab4/tutorial_4/tutorial_4.sdk/design_1_wrapper_hw_platform_0/design_1_wrapper.bit"
14:32:56 INFO  : 'configparams mdm-detect-bscan-mask 2' command is executed.
14:32:57 INFO  : Context for processor 'microblaze_0' is selected.
14:32:57 INFO  : Processor reset is completed for 'microblaze_0'.
14:32:57 INFO  : Context for processor 'microblaze_0' is selected.
14:32:57 INFO  : The application '/nfs/ug/homes-0/s/smithqu1/GitHub/research2018/ece532_sdk/lab4/tutorial_4/tutorial_4.sdk/tutorial_4_sdk/Debug/tutorial_4_sdk.elf' is downloaded to processor 'microblaze_0'.
14:32:57 INFO  : ----------------XSDB Script----------------
connect -url tcp:127.0.0.1:3121
targets -set -filter {jtag_cable_name =~ "Digilent Nexys4DDR 210292646036A" && level==0} -index 0
fpga -file /nfs/ug/homes-0/s/smithqu1/GitHub/research2018/ece532_sdk/lab4/tutorial_4/tutorial_4.sdk/design_1_wrapper_hw_platform_0/design_1_wrapper.bit
configparams mdm-detect-bscan-mask 2
targets -set -nocase -filter {name =~ "microblaze*#0" && bscan=="USER2"  && jtag_cable_name =~ "Digilent Nexys4DDR 210292646036A"} -index 0
rst -processor
targets -set -nocase -filter {name =~ "microblaze*#0" && bscan=="USER2"  && jtag_cable_name =~ "Digilent Nexys4DDR 210292646036A"} -index 0
dow /nfs/ug/homes-0/s/smithqu1/GitHub/research2018/ece532_sdk/lab4/tutorial_4/tutorial_4.sdk/tutorial_4_sdk/Debug/tutorial_4_sdk.elf
----------------End of Script----------------

14:32:57 INFO  : Context for processor 'microblaze_0' is selected.
14:32:57 INFO  : 'con' command is executed.
14:32:57 INFO  : ----------------XSDB Script (After Launch)----------------
targets -set -nocase -filter {name =~ "microblaze*#0" && bscan=="USER2"  && jtag_cable_name =~ "Digilent Nexys4DDR 210292646036A"} -index 0
con
----------------End of Script----------------

14:32:57 INFO  : Disconnected from the channel tcfchan#4.
14:33:07 INFO  : Connected to target on host '127.0.0.1' and port '3121'.
14:33:08 INFO  : Jtag cable 'Digilent Nexys4DDR 210292646036A' is selected.
14:33:08 INFO  : 'jtag frequency' command is executed.
14:33:08 INFO  : 'targets -set -filter {jtag_cable_name =~ "Digilent Nexys4DDR 210292646036A" && level==0} -index 0' command is executed.
14:33:10 INFO  : FPGA configured successfully with bitstream "/nfs/ug/homes-0/s/smithqu1/GitHub/research2018/ece532_sdk/lab4/tutorial_4/tutorial_4.sdk/design_1_wrapper_hw_platform_0/design_1_wrapper.bit"
14:33:10 INFO  : 'configparams mdm-detect-bscan-mask 2' command is executed.
14:33:10 INFO  : Context for processor 'microblaze_0' is selected.
14:33:10 INFO  : Processor reset is completed for 'microblaze_0'.
14:33:10 INFO  : Context for processor 'microblaze_0' is selected.
14:33:10 INFO  : The application '/nfs/ug/homes-0/s/smithqu1/GitHub/research2018/ece532_sdk/lab4/tutorial_4/tutorial_4.sdk/tutorial_4_sdk/Debug/tutorial_4_sdk.elf' is downloaded to processor 'microblaze_0'.
14:33:10 INFO  : ----------------XSDB Script----------------
connect -url tcp:127.0.0.1:3121
targets -set -filter {jtag_cable_name =~ "Digilent Nexys4DDR 210292646036A" && level==0} -index 0
fpga -file /nfs/ug/homes-0/s/smithqu1/GitHub/research2018/ece532_sdk/lab4/tutorial_4/tutorial_4.sdk/design_1_wrapper_hw_platform_0/design_1_wrapper.bit
configparams mdm-detect-bscan-mask 2
targets -set -nocase -filter {name =~ "microblaze*#0" && bscan=="USER2"  && jtag_cable_name =~ "Digilent Nexys4DDR 210292646036A"} -index 0
rst -processor
targets -set -nocase -filter {name =~ "microblaze*#0" && bscan=="USER2"  && jtag_cable_name =~ "Digilent Nexys4DDR 210292646036A"} -index 0
dow /nfs/ug/homes-0/s/smithqu1/GitHub/research2018/ece532_sdk/lab4/tutorial_4/tutorial_4.sdk/tutorial_4_sdk/Debug/tutorial_4_sdk.elf
----------------End of Script----------------

14:33:10 INFO  : Context for processor 'microblaze_0' is selected.
14:33:10 INFO  : 'con' command is executed.
14:33:10 INFO  : ----------------XSDB Script (After Launch)----------------
targets -set -nocase -filter {name =~ "microblaze*#0" && bscan=="USER2"  && jtag_cable_name =~ "Digilent Nexys4DDR 210292646036A"} -index 0
con
----------------End of Script----------------

14:33:10 INFO  : Disconnected from the channel tcfchan#5.
